{"/home/travis/build/npmtest/node-npmtest-open-graph-scraper/test.js":{"path":"/home/travis/build/npmtest/node-npmtest-open-graph-scraper/test.js","s":{"1":2,"2":2,"3":2,"4":2,"5":2,"6":2,"7":2,"8":1,"9":2,"10":2,"11":1,"12":1,"13":1,"14":1,"15":2,"16":2,"17":2,"18":2,"19":1,"20":1,"21":2,"22":2,"23":2,"24":1,"25":1,"26":1,"27":1,"28":1,"29":1,"30":1,"31":1,"32":1,"33":1,"34":1,"35":1,"36":1,"37":1,"38":1,"39":2,"40":2,"41":1,"42":2,"43":2,"44":1,"45":2,"46":2,"47":1,"48":2,"49":2,"50":1,"51":1,"52":1,"53":1,"54":1},"b":{"1":[2,1,1,1],"2":[1,1,1,1],"3":[1,1],"4":[1,1],"5":[1,1],"6":[1,1],"7":[1,1],"8":[1,1],"9":[1,1],"10":[1,1,1],"11":[1,1],"12":[1,1],"13":[1,1],"14":[1,1],"15":[1,1],"16":[1,1],"17":[1,1]},"f":{"1":2,"2":2,"3":2,"4":2,"5":2,"6":1,"7":1,"8":1,"9":2,"10":2,"11":2,"12":2,"13":1},"fnMap":{"1":{"name":"(anonymous_1)","line":12,"loc":{"start":{"line":12,"column":1},"end":{"line":12,"column":13}}},"2":{"name":"(anonymous_2)","line":19,"loc":{"start":{"line":19,"column":5},"end":{"line":19,"column":17}}},"3":{"name":"(anonymous_3)","line":23,"loc":{"start":{"line":23,"column":24},"end":{"line":23,"column":36}}},"4":{"name":"(anonymous_4)","line":61,"loc":{"start":{"line":61,"column":5},"end":{"line":61,"column":17}}},"5":{"name":"(anonymous_5)","line":82,"loc":{"start":{"line":82,"column":5},"end":{"line":82,"column":17}}},"6":{"name":"(anonymous_6)","line":91,"loc":{"start":{"line":91,"column":77},"end":{"line":94,"column":10}}},"7":{"name":"(anonymous_7)","line":112,"loc":{"start":{"line":112,"column":83},"end":{"line":115,"column":10}},"skip":true},"8":{"name":"(anonymous_8)","line":123,"loc":{"start":{"line":123,"column":77},"end":{"line":126,"column":10}},"skip":true},"9":{"name":"(anonymous_9)","line":139,"loc":{"start":{"line":139,"column":12},"end":{"line":139,"column":40}},"skip":true},"10":{"name":"(anonymous_10)","line":147,"loc":{"start":{"line":147,"column":77},"end":{"line":150,"column":10}},"skip":true},"11":{"name":"(anonymous_11)","line":158,"loc":{"start":{"line":158,"column":83},"end":{"line":161,"column":10}},"skip":true},"12":{"name":"(anonymous_12)","line":169,"loc":{"start":{"line":169,"column":79},"end":{"line":172,"column":10}},"skip":true},"13":{"name":"(anonymous_13)","line":180,"loc":{"start":{"line":180,"column":75},"end":{"line":183,"column":10}},"skip":true}},"statementMap":{"1":{"start":{"line":12,"column":0},"end":{"line":195,"column":5}},"2":{"start":{"line":14,"column":4},"end":{"line":14,"column":14}},"3":{"start":{"line":19,"column":4},"end":{"line":56,"column":9}},"4":{"start":{"line":21,"column":8},"end":{"line":21,"column":19}},"5":{"start":{"line":23,"column":8},"end":{"line":35,"column":13}},"6":{"start":{"line":24,"column":12},"end":{"line":34,"column":13}},"7":{"start":{"line":25,"column":16},"end":{"line":28,"column":30}},"8":{"start":{"line":30,"column":16},"end":{"line":33,"column":27}},"9":{"start":{"line":37,"column":8},"end":{"line":39,"column":21}},"10":{"start":{"line":40,"column":8},"end":{"line":53,"column":9}},"11":{"start":{"line":43,"column":12},"end":{"line":46,"column":14}},"12":{"start":{"line":47,"column":12},"end":{"line":47,"column":18}},"13":{"start":{"line":50,"column":12},"end":{"line":51,"column":33}},"14":{"start":{"line":52,"column":12},"end":{"line":52,"column":18}},"15":{"start":{"line":55,"column":8},"end":{"line":55,"column":35}},"16":{"start":{"line":61,"column":4},"end":{"line":63,"column":9}},"17":{"start":{"line":62,"column":8},"end":{"line":62,"column":15}},"18":{"start":{"line":64,"column":4},"end":{"line":77,"column":5}},"19":{"start":{"line":70,"column":8},"end":{"line":70,"column":14}},"20":{"start":{"line":76,"column":8},"end":{"line":76,"column":14}},"21":{"start":{"line":82,"column":4},"end":{"line":84,"column":9}},"22":{"start":{"line":83,"column":8},"end":{"line":83,"column":15}},"23":{"start":{"line":85,"column":4},"end":{"line":194,"column":5}},"24":{"start":{"line":91,"column":8},"end":{"line":99,"column":10}},"25":{"start":{"line":98,"column":12},"end":{"line":98,"column":35}},"26":{"start":{"line":102,"column":8},"end":{"line":104,"column":63}},"27":{"start":{"line":105,"column":8},"end":{"line":105,"column":14}},"28":{"start":{"line":112,"column":8},"end":{"line":121,"column":10},"skip":true},"29":{"start":{"line":119,"column":12},"end":{"line":119,"column":55},"skip":true},"30":{"start":{"line":120,"column":12},"end":{"line":120,"column":48},"skip":true},"31":{"start":{"line":123,"column":8},"end":{"line":136,"column":10},"skip":true},"32":{"start":{"line":130,"column":12},"end":{"line":130,"column":76},"skip":true},"33":{"start":{"line":131,"column":12},"end":{"line":131,"column":73},"skip":true},"34":{"start":{"line":132,"column":12},"end":{"line":132,"column":74},"skip":true},"35":{"start":{"line":133,"column":12},"end":{"line":133,"column":79},"skip":true},"36":{"start":{"line":134,"column":12},"end":{"line":134,"column":25},"skip":true},"37":{"start":{"line":135,"column":12},"end":{"line":135,"column":45},"skip":true},"38":{"start":{"line":138,"column":8},"end":{"line":145,"column":14},"skip":true},"39":{"start":{"line":143,"column":16},"end":{"line":143,"column":29},"skip":true},"40":{"start":{"line":144,"column":16},"end":{"line":144,"column":55},"skip":true},"41":{"start":{"line":147,"column":8},"end":{"line":156,"column":10},"skip":true},"42":{"start":{"line":154,"column":12},"end":{"line":154,"column":25},"skip":true},"43":{"start":{"line":155,"column":12},"end":{"line":155,"column":45},"skip":true},"44":{"start":{"line":158,"column":8},"end":{"line":167,"column":10},"skip":true},"45":{"start":{"line":165,"column":12},"end":{"line":165,"column":25},"skip":true},"46":{"start":{"line":166,"column":12},"end":{"line":166,"column":48},"skip":true},"47":{"start":{"line":169,"column":8},"end":{"line":178,"column":10},"skip":true},"48":{"start":{"line":176,"column":12},"end":{"line":176,"column":25},"skip":true},"49":{"start":{"line":177,"column":12},"end":{"line":177,"column":46},"skip":true},"50":{"start":{"line":180,"column":8},"end":{"line":189,"column":10},"skip":true},"51":{"start":{"line":187,"column":12},"end":{"line":187,"column":94},"skip":true},"52":{"start":{"line":188,"column":12},"end":{"line":188,"column":48},"skip":true},"53":{"start":{"line":192,"column":8},"end":{"line":192,"column":35},"skip":true},"54":{"start":{"line":193,"column":8},"end":{"line":193,"column":14},"skip":true}},"branchMap":{"1":{"line":25,"type":"binary-expr","locations":[{"start":{"line":25,"column":23},"end":{"line":25,"column":62}},{"start":{"line":26,"column":20},"end":{"line":26,"column":70}},{"start":{"line":27,"column":20},"end":{"line":27,"column":71}},{"start":{"line":28,"column":20},"end":{"line":28,"column":29}}]},"2":{"line":30,"type":"binary-expr","locations":[{"start":{"line":30,"column":23},"end":{"line":30,"column":37}},{"start":{"line":31,"column":20},"end":{"line":31,"column":61}},{"start":{"line":32,"column":20},"end":{"line":32,"column":70}},{"start":{"line":33,"column":20},"end":{"line":33,"column":26}}]},"3":{"line":37,"type":"cond-expr","locations":[{"start":{"line":38,"column":14},"end":{"line":38,"column":20}},{"start":{"line":39,"column":14},"end":{"line":39,"column":20}}]},"4":{"line":40,"type":"switch","locations":[{"start":{"line":42,"column":8},"end":{"line":47,"column":18}},{"start":{"line":49,"column":8},"end":{"line":52,"column":18}}]},"5":{"line":44,"type":"binary-expr","locations":[{"start":{"line":44,"column":16},"end":{"line":44,"column":44}},{"start":{"line":44,"column":48},"end":{"line":44,"column":66}}]},"6":{"line":50,"type":"binary-expr","locations":[{"start":{"line":50,"column":21},"end":{"line":50,"column":49}},{"start":{"line":50,"column":53},"end":{"line":50,"column":72}}]},"7":{"line":64,"type":"switch","locations":[{"start":{"line":69,"column":4},"end":{"line":70,"column":14}},{"start":{"line":75,"column":4},"end":{"line":76,"column":14}}]},"8":{"line":85,"type":"switch","locations":[{"start":{"line":90,"column":4},"end":{"line":105,"column":14}},{"start":{"line":111,"column":4},"end":{"line":193,"column":14},"skip":true}]},"9":{"line":91,"type":"binary-expr","locations":[{"start":{"line":91,"column":42},"end":{"line":91,"column":73}},{"start":{"line":91,"column":77},"end":{"line":99,"column":9}}]},"10":{"line":102,"type":"binary-expr","locations":[{"start":{"line":102,"column":18},"end":{"line":102,"column":32}},{"start":{"line":103,"column":12},"end":{"line":103,"column":53}},{"start":{"line":104,"column":12},"end":{"line":104,"column":61}}]},"11":{"line":112,"type":"binary-expr","locations":[{"start":{"line":112,"column":45},"end":{"line":112,"column":79},"skip":true},{"start":{"line":112,"column":83},"end":{"line":121,"column":9},"skip":true}]},"12":{"line":123,"type":"binary-expr","locations":[{"start":{"line":123,"column":42},"end":{"line":123,"column":73},"skip":true},{"start":{"line":123,"column":77},"end":{"line":136,"column":9},"skip":true}]},"13":{"line":138,"type":"binary-expr","locations":[{"start":{"line":138,"column":48},"end":{"line":138,"column":85},"skip":true},{"start":{"line":139,"column":12},"end":{"line":145,"column":13},"skip":true}]},"14":{"line":147,"type":"binary-expr","locations":[{"start":{"line":147,"column":42},"end":{"line":147,"column":73},"skip":true},{"start":{"line":147,"column":77},"end":{"line":156,"column":9},"skip":true}]},"15":{"line":158,"type":"binary-expr","locations":[{"start":{"line":158,"column":45},"end":{"line":158,"column":79},"skip":true},{"start":{"line":158,"column":83},"end":{"line":167,"column":9},"skip":true}]},"16":{"line":169,"type":"binary-expr","locations":[{"start":{"line":169,"column":43},"end":{"line":169,"column":75},"skip":true},{"start":{"line":169,"column":79},"end":{"line":178,"column":9},"skip":true}]},"17":{"line":180,"type":"binary-expr","locations":[{"start":{"line":180,"column":41},"end":{"line":180,"column":71},"skip":true},{"start":{"line":180,"column":75},"end":{"line":189,"column":9},"skip":true}]}},"code":["/* istanbul instrument in package npmtest_open_graph_scraper */","/*jslint","    bitwise: true,","    browser: true,","    maxerr: 8,","    maxlen: 96,","    node: true,","    nomen: true,","    regexp: true,","    stupid: true","*/","(function () {","    'use strict';","    var local;","","","","    // run shared js-env code - pre-init","    (function () {","        // init local","        local = {};","        // init modeJs","        local.modeJs = (function () {","            try {","                return typeof navigator.userAgent === 'string' &&","                    typeof document.querySelector('body') === 'object' &&","                    typeof XMLHttpRequest.prototype.open === 'function' &&","                    'browser';","            } catch (errorCaughtBrowser) {","                return module.exports &&","                    typeof process.versions.node === 'string' &&","                    typeof require('http').createServer === 'function' &&","                    'node';","            }","        }());","        // init global","        local.global = local.modeJs === 'browser'","            ? window","            : global;","        switch (local.modeJs) {","        // re-init local from window.local","        case 'browser':","            local = local.global.utility2.objectSetDefault(","                local.global.utility2_rollup || local.global.local,","                local.global.utility2","            );","            break;","        // re-init local from example.js","        case 'node':","            local = (local.global.utility2_rollup || require('utility2'))","                .requireReadme();","            break;","        }","        // export local","        local.global.local = local;","    }());","","","","    // run shared js-env code - function","    (function () {","        return;","    }());","    switch (local.modeJs) {","","","","    // run browser js-env code - function","    case 'browser':","        break;","","","","    // run node js-env code - function","    case 'node':","        break;","    }","","","","    // run shared js-env code - post-init","    (function () {","        return;","    }());","    switch (local.modeJs) {","","","","    // run browser js-env code - post-init","    case 'browser':","        local.testCase_browser_nullCase = local.testCase_browser_nullCase || function (","            options,","            onError","        ) {","        /*","         * this function will test browsers's null-case handling-behavior-behavior","         */","            onError(null, options);","        };","","        // run tests","        local.nop(local.modeTest &&","            document.querySelector('#testRunButton1') &&","            document.querySelector('#testRunButton1').click());","        break;","","","","    // run node js-env code - post-init","    /* istanbul ignore next */","    case 'node':","        local.testCase_buildApidoc_default = local.testCase_buildApidoc_default || function (","            options,","            onError","        ) {","        /*","         * this function will test buildApidoc's default handling-behavior-behavior","         */","            options = { modulePathList: module.paths };","            local.buildApidoc(options, onError);","        };","","        local.testCase_buildApp_default = local.testCase_buildApp_default || function (","            options,","            onError","        ) {","        /*","         * this function will test buildApp's default handling-behavior-behavior","         */","            local.testCase_buildReadme_default(options, local.onErrorThrow);","            local.testCase_buildLib_default(options, local.onErrorThrow);","            local.testCase_buildTest_default(options, local.onErrorThrow);","            local.testCase_buildCustomOrg_default(options, local.onErrorThrow);","            options = [];","            local.buildApp(options, onError);","        };","","        local.testCase_buildCustomOrg_default = local.testCase_buildCustomOrg_default ||","            function (options, onError) {","            /*","             * this function will test buildCustomOrg's default handling-behavior","             */","                options = {};","                local.buildCustomOrg(options, onError);","            };","","        local.testCase_buildLib_default = local.testCase_buildLib_default || function (","            options,","            onError","        ) {","        /*","         * this function will test buildLib's default handling-behavior","         */","            options = {};","            local.buildLib(options, onError);","        };","","        local.testCase_buildReadme_default = local.testCase_buildReadme_default || function (","            options,","            onError","        ) {","        /*","         * this function will test buildReadme's default handling-behavior-behavior","         */","            options = {};","            local.buildReadme(options, onError);","        };","","        local.testCase_buildTest_default = local.testCase_buildTest_default || function (","            options,","            onError","        ) {","        /*","         * this function will test buildTest's default handling-behavior","         */","            options = {};","            local.buildTest(options, onError);","        };","","        local.testCase_webpage_default = local.testCase_webpage_default || function (","            options,","            onError","        ) {","        /*","         * this function will test webpage's default handling-behavior","         */","            options = { modeCoverageMerge: true, url: local.serverLocalHost + '?modeTest=1' };","            local.browserTest(options, onError);","        };","","        // run test-server","        local.testRunServer(local);","        break;","    }","}());",""],"l":{"12":2,"14":2,"19":2,"21":2,"23":2,"24":2,"25":2,"30":1,"37":2,"40":2,"43":1,"47":1,"50":1,"52":1,"55":2,"61":2,"62":2,"64":2,"70":1,"76":1,"82":2,"83":2,"85":2,"91":1,"98":1,"102":1,"105":1,"112":1,"119":1,"120":1,"123":1,"130":1,"131":1,"132":1,"133":1,"134":1,"135":1,"138":1,"143":2,"144":2,"147":1,"154":2,"155":2,"158":1,"165":2,"166":2,"169":1,"176":2,"177":2,"180":1,"187":1,"188":1,"192":1,"193":1}},"/home/travis/build/npmtest/node-npmtest-open-graph-scraper/lib.npmtest_open_graph_scraper.js":{"path":"/home/travis/build/npmtest/node-npmtest-open-graph-scraper/lib.npmtest_open_graph_scraper.js","s":{"1":2,"2":2,"3":2,"4":2,"5":2,"6":2,"7":2,"8":1,"9":2,"10":2,"11":2,"12":2,"13":1,"14":1,"15":1,"16":1},"b":{"1":[2,1,1,1],"2":[1,1,1,1],"3":[1,1],"4":[2,2],"5":[1,1]},"f":{"1":2,"2":2,"3":2},"fnMap":{"1":{"name":"(anonymous_1)","line":12,"loc":{"start":{"line":12,"column":1},"end":{"line":12,"column":13}}},"2":{"name":"(anonymous_2)","line":19,"loc":{"start":{"line":19,"column":5},"end":{"line":19,"column":17}}},"3":{"name":"(anonymous_3)","line":23,"loc":{"start":{"line":23,"column":24},"end":{"line":23,"column":36}}}},"statementMap":{"1":{"start":{"line":12,"column":0},"end":{"line":53,"column":5}},"2":{"start":{"line":14,"column":4},"end":{"line":14,"column":14}},"3":{"start":{"line":19,"column":4},"end":{"line":52,"column":9}},"4":{"start":{"line":21,"column":8},"end":{"line":21,"column":19}},"5":{"start":{"line":23,"column":8},"end":{"line":35,"column":13}},"6":{"start":{"line":24,"column":12},"end":{"line":34,"column":13}},"7":{"start":{"line":25,"column":16},"end":{"line":28,"column":30}},"8":{"start":{"line":30,"column":16},"end":{"line":33,"column":27}},"9":{"start":{"line":37,"column":8},"end":{"line":39,"column":21}},"10":{"start":{"line":41,"column":8},"end":{"line":41,"column":54}},"11":{"start":{"line":43,"column":8},"end":{"line":43,"column":63}},"12":{"start":{"line":45,"column":8},"end":{"line":51,"column":9}},"13":{"start":{"line":46,"column":12},"end":{"line":46,"column":69}},"14":{"start":{"line":48,"column":12},"end":{"line":48,"column":35}},"15":{"start":{"line":49,"column":12},"end":{"line":49,"column":49}},"16":{"start":{"line":50,"column":12},"end":{"line":50,"column":43}}},"branchMap":{"1":{"line":25,"type":"binary-expr","locations":[{"start":{"line":25,"column":23},"end":{"line":25,"column":62}},{"start":{"line":26,"column":20},"end":{"line":26,"column":70}},{"start":{"line":27,"column":20},"end":{"line":27,"column":71}},{"start":{"line":28,"column":20},"end":{"line":28,"column":29}}]},"2":{"line":30,"type":"binary-expr","locations":[{"start":{"line":30,"column":23},"end":{"line":30,"column":37}},{"start":{"line":31,"column":20},"end":{"line":31,"column":61}},{"start":{"line":32,"column":20},"end":{"line":32,"column":70}},{"start":{"line":33,"column":20},"end":{"line":33,"column":26}}]},"3":{"line":37,"type":"cond-expr","locations":[{"start":{"line":38,"column":14},"end":{"line":38,"column":20}},{"start":{"line":39,"column":14},"end":{"line":39,"column":20}}]},"4":{"line":41,"type":"binary-expr","locations":[{"start":{"line":41,"column":16},"end":{"line":41,"column":44}},{"start":{"line":41,"column":48},"end":{"line":41,"column":53}}]},"5":{"line":45,"type":"if","locations":[{"start":{"line":45,"column":8},"end":{"line":45,"column":8}},{"start":{"line":45,"column":8},"end":{"line":45,"column":8}}]}},"code":["/* istanbul instrument in package npmtest_open_graph_scraper */","/*jslint","    bitwise: true,","    browser: true,","    maxerr: 8,","    maxlen: 96,","    node: true,","    nomen: true,","    regexp: true,","    stupid: true","*/","(function () {","    'use strict';","    var local;","","","","    // run shared js-env code - pre-init","    (function () {","        // init local","        local = {};","        // init modeJs","        local.modeJs = (function () {","            try {","                return typeof navigator.userAgent === 'string' &&","                    typeof document.querySelector('body') === 'object' &&","                    typeof XMLHttpRequest.prototype.open === 'function' &&","                    'browser';","            } catch (errorCaughtBrowser) {","                return module.exports &&","                    typeof process.versions.node === 'string' &&","                    typeof require('http').createServer === 'function' &&","                    'node';","            }","        }());","        // init global","        local.global = local.modeJs === 'browser'","            ? window","            : global;","        // init utility2_rollup","        local = local.global.utility2_rollup || local;","        // init lib","        local.local = local.npmtest_open_graph_scraper = local;","        // init exports","        if (local.modeJs === 'browser') {","            local.global.utility2_npmtest_open_graph_scraper = local;","        } else {","            module.exports = local;","            module.exports.__dirname = __dirname;","            module.exports.module = module;","        }","    }());","}());",""],"l":{"12":2,"14":2,"19":2,"21":2,"23":2,"24":2,"25":2,"30":1,"37":2,"41":2,"43":2,"45":2,"46":1,"48":1,"49":1,"50":1}},"/home/travis/build/npmtest/node-npmtest-open-graph-scraper/example.js":{"path":"/home/travis/build/npmtest/node-npmtest-open-graph-scraper/example.js","s":{"1":2,"2":2,"3":2,"4":2,"5":2,"6":2,"7":2,"8":1,"9":2,"10":2,"11":2,"12":2,"13":1,"14":2,"15":2,"16":2,"17":2,"18":2,"19":0,"20":2,"21":1,"22":1,"23":1,"24":1,"25":1,"26":0,"27":0,"28":1,"29":1,"30":2,"31":0,"32":0,"33":0,"34":1,"35":2,"36":2,"37":3,"38":3,"39":3,"40":3,"41":0,"42":3,"43":3,"44":3,"45":1,"46":3,"47":1,"48":1,"49":1,"50":1,"51":1,"52":1,"53":1,"54":1,"55":1,"56":1,"57":0,"58":1,"59":6,"60":6,"61":1,"62":2,"63":0,"64":2,"65":1,"66":1,"67":0,"68":0,"69":0,"70":0,"71":0,"72":0,"73":0,"74":0,"75":0,"76":0,"77":0,"78":0,"79":0,"80":0,"81":0,"82":0,"83":0},"b":{"1":[2,1,1,1],"2":[1,1,1,1],"3":[1,1],"4":[2,2],"5":[1,1],"6":[1,1],"7":[2,0],"8":[2,1,1,1,1,1],"9":[0,2,0],"10":[1,1],"11":[2,1,1],"12":[1,0],"13":[0,2],"14":[2,0,0,0,0,0,0],"15":[0,3],"16":[3,0],"17":[1,1],"18":[0,1],"19":[1,2,0,2],"20":[1,0],"21":[1,1],"22":[0,0],"23":[0,0],"24":[0,0],"25":[0,0],"26":[0,0],"27":[0,0],"28":[0,0]},"f":{"1":2,"2":2,"3":2,"4":2,"5":2,"6":2,"7":3,"8":3,"9":3,"10":1,"11":6,"12":0},"fnMap":{"1":{"name":"(anonymous_1)","line":26,"loc":{"start":{"line":26,"column":1},"end":{"line":26,"column":13}}},"2":{"name":"(anonymous_2)","line":33,"loc":{"start":{"line":33,"column":5},"end":{"line":33,"column":17}}},"3":{"name":"(anonymous_3)","line":37,"loc":{"start":{"line":37,"column":24},"end":{"line":37,"column":36}}},"4":{"name":"(anonymous_4)","line":69,"loc":{"start":{"line":69,"column":31},"end":{"line":69,"column":48}},"skip":true},"5":{"name":"(anonymous_5)","line":78,"loc":{"start":{"line":78,"column":26},"end":{"line":78,"column":45}},"skip":true},"6":{"name":"(anonymous_6)","line":123,"loc":{"start":{"line":123,"column":33},"end":{"line":123,"column":48}},"skip":true},"7":{"name":"(anonymous_7)","line":125,"loc":{"start":{"line":125,"column":27},"end":{"line":125,"column":39}},"skip":true},"8":{"name":"(anonymous_8)","line":133,"loc":{"start":{"line":133,"column":59},"end":{"line":133,"column":74}},"skip":true},"9":{"name":"(anonymous_9)","line":143,"loc":{"start":{"line":143,"column":45},"end":{"line":143,"column":62}},"skip":true},"10":{"name":"(anonymous_10)","line":144,"loc":{"start":{"line":144,"column":73},"end":{"line":144,"column":92}},"skip":true},"11":{"name":"(anonymous_11)","line":272,"loc":{"start":{"line":272,"column":51},"end":{"line":272,"column":77}},"skip":true},"12":{"name":"(anonymous_12)","line":315,"loc":{"start":{"line":315,"column":32},"end":{"line":315,"column":61}},"skip":true}},"statementMap":{"1":{"start":{"line":26,"column":0},"end":{"line":326,"column":5}},"2":{"start":{"line":28,"column":4},"end":{"line":28,"column":14}},"3":{"start":{"line":33,"column":4},"end":{"line":60,"column":9}},"4":{"start":{"line":35,"column":8},"end":{"line":35,"column":19}},"5":{"start":{"line":37,"column":8},"end":{"line":49,"column":13}},"6":{"start":{"line":38,"column":12},"end":{"line":48,"column":13}},"7":{"start":{"line":39,"column":16},"end":{"line":42,"column":30}},"8":{"start":{"line":44,"column":16},"end":{"line":47,"column":27}},"9":{"start":{"line":51,"column":8},"end":{"line":53,"column":21}},"10":{"start":{"line":55,"column":8},"end":{"line":57,"column":45}},"11":{"start":{"line":59,"column":8},"end":{"line":59,"column":35}},"12":{"start":{"line":61,"column":4},"end":{"line":325,"column":5}},"13":{"start":{"line":69,"column":8},"end":{"line":121,"column":10},"skip":true},"14":{"start":{"line":70,"column":12},"end":{"line":88,"column":13},"skip":true},"15":{"start":{"line":76,"column":16},"end":{"line":87,"column":19},"skip":true},"16":{"start":{"line":79,"column":20},"end":{"line":86,"column":21},"skip":true},"17":{"start":{"line":82,"column":24},"end":{"line":82,"column":43},"skip":true},"18":{"start":{"line":83,"column":24},"end":{"line":83,"column":30},"skip":true},"19":{"start":{"line":85,"column":24},"end":{"line":85,"column":49},"skip":true},"20":{"start":{"line":89,"column":12},"end":{"line":107,"column":13},"skip":true},"21":{"start":{"line":92,"column":16},"end":{"line":102,"column":17},"skip":true},"22":{"start":{"line":93,"column":20},"end":{"line":93,"column":86},"skip":true},"23":{"start":{"line":94,"column":20},"end":{"line":95,"column":45},"skip":true},"24":{"start":{"line":96,"column":20},"end":{"line":96,"column":42},"skip":true},"25":{"start":{"line":97,"column":20},"end":{"line":97,"column":48},"skip":true},"26":{"start":{"line":100,"column":20},"end":{"line":100,"column":85},"skip":true},"27":{"start":{"line":101,"column":20},"end":{"line":101,"column":96},"skip":true},"28":{"start":{"line":103,"column":16},"end":{"line":103,"column":22},"skip":true},"29":{"start":{"line":106,"column":16},"end":{"line":106,"column":22},"skip":true},"30":{"start":{"line":108,"column":12},"end":{"line":120,"column":13},"skip":true},"31":{"start":{"line":114,"column":16},"end":{"line":119,"column":17},"skip":true},"32":{"start":{"line":116,"column":20},"end":{"line":116,"column":78},"skip":true},"33":{"start":{"line":118,"column":20},"end":{"line":118,"column":47},"skip":true},"34":{"start":{"line":123,"column":8},"end":{"line":141,"column":11},"skip":true},"35":{"start":{"line":124,"column":12},"end":{"line":124,"column":54},"skip":true},"36":{"start":{"line":125,"column":12},"end":{"line":140,"column":14},"skip":true},"37":{"start":{"line":126,"column":16},"end":{"line":126,"column":28},"skip":true},"38":{"start":{"line":127,"column":16},"end":{"line":127,"column":69},"skip":true},"39":{"start":{"line":128,"column":16},"end":{"line":128,"column":75},"skip":true},"40":{"start":{"line":129,"column":16},"end":{"line":131,"column":17},"skip":true},"41":{"start":{"line":130,"column":20},"end":{"line":130,"column":27},"skip":true},"42":{"start":{"line":133,"column":16},"end":{"line":137,"column":36},"skip":true},"43":{"start":{"line":134,"column":20},"end":{"line":136,"column":55},"skip":true},"44":{"start":{"line":139,"column":16},"end":{"line":139,"column":57},"skip":true},"45":{"start":{"line":143,"column":8},"end":{"line":147,"column":11},"skip":true},"46":{"start":{"line":144,"column":12},"end":{"line":146,"column":15},"skip":true},"47":{"start":{"line":145,"column":16},"end":{"line":145,"column":70},"skip":true},"48":{"start":{"line":149,"column":8},"end":{"line":149,"column":31},"skip":true},"49":{"start":{"line":150,"column":8},"end":{"line":150,"column":14},"skip":true},"50":{"start":{"line":158,"column":8},"end":{"line":158,"column":31},"skip":true},"51":{"start":{"line":160,"column":8},"end":{"line":160,"column":33},"skip":true},"52":{"start":{"line":161,"column":8},"end":{"line":161,"column":37},"skip":true},"53":{"start":{"line":162,"column":8},"end":{"line":162,"column":35},"skip":true},"54":{"start":{"line":164,"column":8},"end":{"line":164,"column":50},"skip":true},"55":{"start":{"line":166,"column":8},"end":{"line":256,"column":2},"skip":true},"56":{"start":{"line":258,"column":8},"end":{"line":286,"column":9},"skip":true},"57":{"start":{"line":259,"column":12},"end":{"line":269,"column":14},"skip":true},"58":{"start":{"line":271,"column":12},"end":{"line":285,"column":19},"skip":true},"59":{"start":{"line":274,"column":20},"end":{"line":274,"column":35},"skip":true},"60":{"start":{"line":275,"column":20},"end":{"line":284,"column":21},"skip":true},"61":{"start":{"line":277,"column":24},"end":{"line":277,"column":64},"skip":true},"62":{"start":{"line":279,"column":24},"end":{"line":279,"column":40},"skip":true},"63":{"start":{"line":281,"column":24},"end":{"line":281,"column":40},"skip":true},"64":{"start":{"line":283,"column":24},"end":{"line":283,"column":39},"skip":true},"65":{"start":{"line":288,"column":8},"end":{"line":290,"column":9},"skip":true},"66":{"start":{"line":289,"column":12},"end":{"line":289,"column":18},"skip":true},"67":{"start":{"line":291,"column":8},"end":{"line":293,"column":54},"skip":true},"68":{"start":{"line":296,"column":8},"end":{"line":301,"column":37},"skip":true},"69":{"start":{"line":303,"column":8},"end":{"line":303,"column":82},"skip":true},"70":{"start":{"line":306,"column":8},"end":{"line":308,"column":9},"skip":true},"71":{"start":{"line":307,"column":12},"end":{"line":307,"column":82},"skip":true},"72":{"start":{"line":310,"column":8},"end":{"line":312,"column":9},"skip":true},"73":{"start":{"line":311,"column":12},"end":{"line":311,"column":18},"skip":true},"74":{"start":{"line":313,"column":8},"end":{"line":313,"column":54},"skip":true},"75":{"start":{"line":314,"column":8},"end":{"line":314,"column":69},"skip":true},"76":{"start":{"line":315,"column":8},"end":{"line":323,"column":36},"skip":true},"77":{"start":{"line":316,"column":12},"end":{"line":316,"column":61},"skip":true},"78":{"start":{"line":317,"column":12},"end":{"line":320,"column":13},"skip":true},"79":{"start":{"line":318,"column":16},"end":{"line":318,"column":75},"skip":true},"80":{"start":{"line":319,"column":16},"end":{"line":319,"column":23},"skip":true},"81":{"start":{"line":321,"column":12},"end":{"line":321,"column":38},"skip":true},"82":{"start":{"line":322,"column":12},"end":{"line":322,"column":27},"skip":true},"83":{"start":{"line":324,"column":8},"end":{"line":324,"column":14},"skip":true}},"branchMap":{"1":{"line":39,"type":"binary-expr","locations":[{"start":{"line":39,"column":23},"end":{"line":39,"column":62}},{"start":{"line":40,"column":20},"end":{"line":40,"column":70}},{"start":{"line":41,"column":20},"end":{"line":41,"column":71}},{"start":{"line":42,"column":20},"end":{"line":42,"column":29}}]},"2":{"line":44,"type":"binary-expr","locations":[{"start":{"line":44,"column":23},"end":{"line":44,"column":37}},{"start":{"line":45,"column":20},"end":{"line":45,"column":61}},{"start":{"line":46,"column":20},"end":{"line":46,"column":70}},{"start":{"line":47,"column":20},"end":{"line":47,"column":26}}]},"3":{"line":51,"type":"cond-expr","locations":[{"start":{"line":52,"column":14},"end":{"line":52,"column":20}},{"start":{"line":53,"column":14},"end":{"line":53,"column":20}}]},"4":{"line":55,"type":"binary-expr","locations":[{"start":{"line":55,"column":16},"end":{"line":55,"column":44}},{"start":{"line":55,"column":49},"end":{"line":57,"column":43}}]},"5":{"line":55,"type":"cond-expr","locations":[{"start":{"line":56,"column":14},"end":{"line":56,"column":62}},{"start":{"line":57,"column":14},"end":{"line":57,"column":43}}]},"6":{"line":61,"type":"switch","locations":[{"start":{"line":68,"column":4},"end":{"line":150,"column":14},"skip":true},{"start":{"line":156,"column":4},"end":{"line":324,"column":14},"skip":true}]},"7":{"line":70,"type":"if","locations":[{"start":{"line":70,"column":12},"end":{"line":70,"column":12},"skip":true},{"start":{"line":70,"column":12},"end":{"line":70,"column":12},"skip":true}]},"8":{"line":70,"type":"binary-expr","locations":[{"start":{"line":70,"column":16},"end":{"line":70,"column":22},"skip":true},{"start":{"line":70,"column":27},"end":{"line":70,"column":32},"skip":true},{"start":{"line":71,"column":20},"end":{"line":71,"column":39},"skip":true},{"start":{"line":72,"column":20},"end":{"line":72,"column":49},"skip":true},{"start":{"line":73,"column":20},"end":{"line":73,"column":58},"skip":true},{"start":{"line":74,"column":20},"end":{"line":74,"column":69},"skip":true}]},"9":{"line":79,"type":"switch","locations":[{"start":{"line":80,"column":20},"end":{"line":80,"column":33},"skip":true},{"start":{"line":81,"column":20},"end":{"line":83,"column":30},"skip":true},{"start":{"line":84,"column":20},"end":{"line":85,"column":49},"skip":true}]},"10":{"line":89,"type":"switch","locations":[{"start":{"line":90,"column":12},"end":{"line":103,"column":22},"skip":true},{"start":{"line":105,"column":12},"end":{"line":106,"column":22},"skip":true}]},"11":{"line":89,"type":"binary-expr","locations":[{"start":{"line":89,"column":20},"end":{"line":89,"column":25},"skip":true},{"start":{"line":89,"column":29},"end":{"line":89,"column":48},"skip":true},{"start":{"line":89,"column":52},"end":{"line":89,"column":74},"skip":true}]},"12":{"line":92,"type":"if","locations":[{"start":{"line":92,"column":16},"end":{"line":92,"column":16},"skip":true},{"start":{"line":92,"column":16},"end":{"line":92,"column":16},"skip":true}]},"13":{"line":108,"type":"if","locations":[{"start":{"line":108,"column":12},"end":{"line":108,"column":12},"skip":true},{"start":{"line":108,"column":12},"end":{"line":108,"column":12},"skip":true}]},"14":{"line":108,"type":"binary-expr","locations":[{"start":{"line":108,"column":16},"end":{"line":108,"column":61},"skip":true},{"start":{"line":108,"column":66},"end":{"line":108,"column":72},"skip":true},{"start":{"line":108,"column":77},"end":{"line":108,"column":82},"skip":true},{"start":{"line":109,"column":20},"end":{"line":109,"column":39},"skip":true},{"start":{"line":110,"column":20},"end":{"line":110,"column":49},"skip":true},{"start":{"line":111,"column":20},"end":{"line":111,"column":58},"skip":true},{"start":{"line":112,"column":20},"end":{"line":112,"column":68},"skip":true}]},"15":{"line":129,"type":"if","locations":[{"start":{"line":129,"column":16},"end":{"line":129,"column":16},"skip":true},{"start":{"line":129,"column":16},"end":{"line":129,"column":16},"skip":true}]},"16":{"line":134,"type":"cond-expr","locations":[{"start":{"line":135,"column":26},"end":{"line":135,"column":29},"skip":true},{"start":{"line":136,"column":26},"end":{"line":136,"column":54},"skip":true}]},"17":{"line":164,"type":"binary-expr","locations":[{"start":{"line":164,"column":27},"end":{"line":164,"column":43},"skip":true},{"start":{"line":164,"column":47},"end":{"line":164,"column":49},"skip":true}]},"18":{"line":258,"type":"if","locations":[{"start":{"line":258,"column":8},"end":{"line":258,"column":8},"skip":true},{"start":{"line":258,"column":8},"end":{"line":258,"column":8},"skip":true}]},"19":{"line":275,"type":"switch","locations":[{"start":{"line":276,"column":20},"end":{"line":277,"column":64},"skip":true},{"start":{"line":278,"column":20},"end":{"line":279,"column":40},"skip":true},{"start":{"line":280,"column":20},"end":{"line":281,"column":40},"skip":true},{"start":{"line":282,"column":20},"end":{"line":283,"column":39},"skip":true}]},"20":{"line":288,"type":"if","locations":[{"start":{"line":288,"column":8},"end":{"line":288,"column":8},"skip":true},{"start":{"line":288,"column":8},"end":{"line":288,"column":8},"skip":true}]},"21":{"line":288,"type":"binary-expr","locations":[{"start":{"line":288,"column":12},"end":{"line":288,"column":40},"skip":true},{"start":{"line":288,"column":44},"end":{"line":288,"column":67},"skip":true}]},"22":{"line":292,"type":"binary-expr","locations":[{"start":{"line":292,"column":12},"end":{"line":292,"column":50},"skip":true},{"start":{"line":293,"column":12},"end":{"line":293,"column":53},"skip":true}]},"23":{"line":297,"type":"binary-expr","locations":[{"start":{"line":297,"column":12},"end":{"line":297,"column":76},"skip":true},{"start":{"line":298,"column":12},"end":{"line":301,"column":36},"skip":true}]},"24":{"line":303,"type":"binary-expr","locations":[{"start":{"line":303,"column":43},"end":{"line":303,"column":75},"skip":true},{"start":{"line":303,"column":79},"end":{"line":303,"column":81},"skip":true}]},"25":{"line":306,"type":"if","locations":[{"start":{"line":306,"column":8},"end":{"line":306,"column":8},"skip":true},{"start":{"line":306,"column":8},"end":{"line":306,"column":8},"skip":true}]},"26":{"line":310,"type":"if","locations":[{"start":{"line":310,"column":8},"end":{"line":310,"column":8},"skip":true},{"start":{"line":310,"column":8},"end":{"line":310,"column":8},"skip":true}]},"27":{"line":313,"type":"binary-expr","locations":[{"start":{"line":313,"column":27},"end":{"line":313,"column":43},"skip":true},{"start":{"line":313,"column":47},"end":{"line":313,"column":53},"skip":true}]},"28":{"line":317,"type":"if","locations":[{"start":{"line":317,"column":12},"end":{"line":317,"column":12},"skip":true},{"start":{"line":317,"column":12},"end":{"line":317,"column":12},"skip":true}]}},"code":["/*","example.js","","quickstart example","","instruction","    1. save this script as example.js","    2. run the shell command:","        $ npm install npmtest-open-graph-scraper && PORT=8081 node example.js","    3. play with the browser-demo on http://127.0.0.1:8081","*/","","","","/* istanbul instrument in package npmtest_open_graph_scraper */","/*jslint","    bitwise: true,","    browser: true,","    maxerr: 8,","    maxlen: 96,","    node: true,","    nomen: true,","    regexp: true,","    stupid: true","*/","(function () {","    'use strict';","    var local;","","","","    // run shared js-env code - pre-init","    (function () {","        // init local","        local = {};","        // init modeJs","        local.modeJs = (function () {","            try {","                return typeof navigator.userAgent === 'string' &&","                    typeof document.querySelector('body') === 'object' &&","                    typeof XMLHttpRequest.prototype.open === 'function' &&","                    'browser';","            } catch (errorCaughtBrowser) {","                return module.exports &&","                    typeof process.versions.node === 'string' &&","                    typeof require('http').createServer === 'function' &&","                    'node';","            }","        }());","        // init global","        local.global = local.modeJs === 'browser'","            ? window","            : global;","        // init utility2_rollup","        local = local.global.utility2_rollup || (local.modeJs === 'browser'","            ? local.global.utility2_npmtest_open_graph_scraper","            : global.utility2_moduleExports);","        // export local","        local.global.local = local;","    }());","    switch (local.modeJs) {","","","","    // post-init","    // run browser js-env code - post-init","    /* istanbul ignore next */","    case 'browser':","        local.testRunBrowser = function (event) {","            if (!event || (event &&","                    event.currentTarget &&","                    event.currentTarget.className &&","                    event.currentTarget.className.includes &&","                    event.currentTarget.className.includes('onreset'))) {","                // reset output","                Array.from(","                    document.querySelectorAll('body > .resettable')","                ).forEach(function (element) {","                    switch (element.tagName) {","                    case 'INPUT':","                    case 'TEXTAREA':","                        element.value = '';","                        break;","                    default:","                        element.textContent = '';","                    }","                });","            }","            switch (event && event.currentTarget && event.currentTarget.id) {","            case 'testRunButton1':","                // show tests","                if (document.querySelector('#testReportDiv1').style.display === 'none') {","                    document.querySelector('#testReportDiv1').style.display = 'block';","                    document.querySelector('#testRunButton1').textContent =","                        'hide internal test';","                    local.modeTest = true;","                    local.testRunDefault(local);","                // hide tests","                } else {","                    document.querySelector('#testReportDiv1').style.display = 'none';","                    document.querySelector('#testRunButton1').textContent = 'run internal test';","                }","                break;","            // custom-case","            default:","                break;","            }","            if (document.querySelector('#inputTextareaEval1') && (!event || (event &&","                    event.currentTarget &&","                    event.currentTarget.className &&","                    event.currentTarget.className.includes &&","                    event.currentTarget.className.includes('oneval')))) {","                // try to eval input-code","                try {","                    /*jslint evil: true*/","                    eval(document.querySelector('#inputTextareaEval1').value);","                } catch (errorCaught) {","                    console.error(errorCaught);","                }","            }","        };","        // log stderr and stdout to #outputTextareaStdout1","        ['error', 'log'].forEach(function (key) {","            console[key + '_original'] = console[key];","            console[key] = function () {","                var element;","                console[key + '_original'].apply(console, arguments);","                element = document.querySelector('#outputTextareaStdout1');","                if (!element) {","                    return;","                }","                // append text to #outputTextareaStdout1","                element.value += Array.from(arguments).map(function (arg) {","                    return typeof arg === 'string'","                        ? arg","                        : JSON.stringify(arg, null, 4);","                }).join(' ') + '\\n';","                // scroll textarea to bottom","                element.scrollTop = element.scrollHeight;","            };","        });","        // init event-handling","        ['change', 'click', 'keyup'].forEach(function (event) {","            Array.from(document.querySelectorAll('.on' + event)).forEach(function (element) {","                element.addEventListener(event, local.testRunBrowser);","            });","        });","        // run tests","        local.testRunBrowser();","        break;","","","","    // run node js-env code - post-init","    /* istanbul ignore next */","    case 'node':","        // export local","        module.exports = local;","        // require modules","        local.fs = require('fs');","        local.http = require('http');","        local.url = require('url');","        // init assets","        local.assetsDict = local.assetsDict || {};","        /* jslint-ignore-begin */","        local.assetsDict['/assets.index.template.html'] = '\\","<!doctype html>\\n\\","<html lang=\"en\">\\n\\","<head>\\n\\","<meta charset=\"UTF-8\">\\n\\","<meta name=\"viewport\" content=\"width=device-width, initial-scale=1\">\\n\\","<title>{{env.npm_package_name}} (v{{env.npm_package_version}})</title>\\n\\","<style>\\n\\","/*csslint\\n\\","    box-sizing: false,\\n\\","    universal-selector: false\\n\\","*/\\n\\","* {\\n\\","    box-sizing: border-box;\\n\\","}\\n\\","body {\\n\\","    background: #dde;\\n\\","    font-family: Arial, Helvetica, sans-serif;\\n\\","    margin: 2rem;\\n\\","}\\n\\","body > * {\\n\\","    margin-bottom: 1rem;\\n\\","}\\n\\",".utility2FooterDiv {\\n\\","    margin-top: 20px;\\n\\","    text-align: center;\\n\\","}\\n\\","</style>\\n\\","<style>\\n\\","/*csslint\\n\\","*/\\n\\","textarea {\\n\\","    font-family: monospace;\\n\\","    height: 10rem;\\n\\","    width: 100%;\\n\\","}\\n\\","textarea[readonly] {\\n\\","    background: #ddd;\\n\\","}\\n\\","</style>\\n\\","</head>\\n\\","<body>\\n\\","<!-- utility2-comment\\n\\","<div id=\"ajaxProgressDiv1\" style=\"background: #d00; height: 2px; left: 0; margin: 0; padding: 0; position: fixed; top: 0; transition: background 0.5s, width 1.5s; width: 25%;\"></div>\\n\\","utility2-comment -->\\n\\","<h1>\\n\\","<!-- utility2-comment\\n\\","    <a\\n\\","        {{#if env.npm_package_homepage}}\\n\\","        href=\"{{env.npm_package_homepage}}\"\\n\\","        {{/if env.npm_package_homepage}}\\n\\","        target=\"_blank\"\\n\\","    >\\n\\","utility2-comment -->\\n\\","        {{env.npm_package_name}} (v{{env.npm_package_version}})\\n\\","<!-- utility2-comment\\n\\","    </a>\\n\\","utility2-comment -->\\n\\","</h1>\\n\\","<h3>{{env.npm_package_description}}</h3>\\n\\","<!-- utility2-comment\\n\\","<h4><a download href=\"assets.app.js\">download standalone app</a></h4>\\n\\","<button class=\"onclick onreset\" id=\"testRunButton1\">run internal test</button><br>\\n\\","<div id=\"testReportDiv1\" style=\"display: none;\"></div>\\n\\","utility2-comment -->\\n\\","\\n\\","\\n\\","\\n\\","<label>stderr and stdout</label>\\n\\","<textarea class=\"resettable\" id=\"outputTextareaStdout1\" readonly></textarea>\\n\\","<!-- utility2-comment\\n\\","{{#if isRollup}}\\n\\","<script src=\"assets.app.js\"></script>\\n\\","{{#unless isRollup}}\\n\\","utility2-comment -->\\n\\","<script src=\"assets.utility2.rollup.js\"></script>\\n\\","<script src=\"jsonp.utility2._stateInit?callback=window.utility2._stateInit\"></script>\\n\\","<script src=\"assets.npmtest_open_graph_scraper.rollup.js\"></script>\\n\\","<script src=\"assets.example.js\"></script>\\n\\","<script src=\"assets.test.js\"></script>\\n\\","<!-- utility2-comment\\n\\","{{/if isRollup}}\\n\\","utility2-comment -->\\n\\","<div class=\"utility2FooterDiv\">\\n\\","    [ this app was created with\\n\\","    <a href=\"https://github.com/kaizhu256/node-utility2\" target=\"_blank\">utility2</a>\\n\\","    ]\\n\\","</div>\\n\\","</body>\\n\\","</html>\\n\\","';","        /* jslint-ignore-end */","        if (local.templateRender) {","            local.assetsDict['/'] = local.templateRender(","                local.assetsDict['/assets.index.template.html'],","                {","                    env: local.objectSetDefault(local.env, {","                        npm_package_description: 'the greatest app in the world!',","                        npm_package_name: 'my-app',","                        npm_package_nameAlias: 'my_app',","                        npm_package_version: '0.0.1'","                    })","                }","            );","        } else {","            local.assetsDict['/'] = local.assetsDict['/assets.index.template.html']","                .replace((/\\{\\{env\\.(\\w+?)\\}\\}/g), function (match0, match1) {","                    // jslint-hack","                    String(match0);","                    switch (match1) {","                    case 'npm_package_description':","                        return 'the greatest app in the world!';","                    case 'npm_package_name':","                        return 'my-app';","                    case 'npm_package_nameAlias':","                        return 'my_app';","                    case 'npm_package_version':","                        return '0.0.1';","                    }","                });","        }","        // run the cli","        if (local.global.utility2_rollup || module !== require.main) {","            break;","        }","        local.assetsDict['/assets.example.js'] =","            local.assetsDict['/assets.example.js'] ||","            local.fs.readFileSync(__filename, 'utf8');","        // bug-workaround - long $npm_package_buildCustomOrg","        /* jslint-ignore-begin */","        local.assetsDict['/assets.npmtest_open_graph_scraper.rollup.js'] =","            local.assetsDict['/assets.npmtest_open_graph_scraper.rollup.js'] ||","            local.fs.readFileSync(","                local.npmtest_open_graph_scraper.__dirname + '/lib.npmtest_open_graph_scraper.js',","                'utf8'","            ).replace((/^#!/), '//');","        /* jslint-ignore-end */","        local.assetsDict['/favicon.ico'] = local.assetsDict['/favicon.ico'] || '';","        // if $npm_config_timeout_exit exists,","        // then exit this process after $npm_config_timeout_exit ms","        if (Number(process.env.npm_config_timeout_exit)) {","            setTimeout(process.exit, Number(process.env.npm_config_timeout_exit));","        }","        // start server","        if (local.global.utility2_serverHttp1) {","            break;","        }","        process.env.PORT = process.env.PORT || '8081';","        console.error('server starting on port ' + process.env.PORT);","        local.http.createServer(function (request, response) {","            request.urlParsed = local.url.parse(request.url);","            if (local.assetsDict[request.urlParsed.pathname] !== undefined) {","                response.end(local.assetsDict[request.urlParsed.pathname]);","                return;","            }","            response.statusCode = 404;","            response.end();","        }).listen(process.env.PORT);","        break;","    }","}());",""],"l":{"26":2,"28":2,"33":2,"35":2,"37":2,"38":2,"39":2,"44":1,"51":2,"55":2,"59":2,"61":2,"69":1,"70":2,"76":2,"79":2,"82":2,"83":2,"85":1,"89":2,"92":1,"93":1,"94":1,"96":1,"97":1,"100":1,"101":1,"103":1,"106":1,"108":2,"114":1,"116":1,"118":1,"123":1,"124":2,"125":2,"126":3,"127":3,"128":3,"129":3,"130":1,"133":3,"134":3,"139":3,"143":1,"144":3,"145":1,"149":1,"150":1,"158":1,"160":1,"161":1,"162":1,"164":1,"166":1,"258":1,"259":1,"271":1,"274":6,"275":6,"277":1,"279":2,"281":1,"283":2,"288":1,"289":1,"291":1,"296":1,"303":1,"306":1,"307":1,"310":1,"311":1,"313":1,"314":1,"315":1,"316":1,"317":1,"318":1,"319":1,"321":1,"322":1,"324":1}},"/home/travis/build/npmtest/node-npmtest-open-graph-scraper/node_modules/open-graph-scraper/app.js":{"path":"/home/travis/build/npmtest/node-npmtest-open-graph-scraper/node_modules/open-graph-scraper/app.js","s":{"1":1,"2":1,"3":0,"4":1,"5":1,"6":0,"7":1,"8":0,"9":1,"10":0,"11":1,"12":0,"13":0,"14":0,"15":0,"16":0,"17":0,"18":0,"19":0,"20":0,"21":1,"22":0,"23":0,"24":0,"25":0,"26":0,"27":0,"28":0,"29":0,"30":0,"31":0,"32":0,"33":0,"34":0,"35":0,"36":1,"37":0,"38":0,"39":0,"40":0,"41":0,"42":0,"43":0,"44":0,"45":0,"46":0,"47":0,"48":0,"49":0,"50":0,"51":0,"52":0,"53":0,"54":0,"55":0,"56":0,"57":0,"58":0,"59":0,"60":0,"61":0,"62":0,"63":0,"64":1,"65":0,"66":0,"67":0,"68":0,"69":0,"70":0,"71":1,"72":0,"73":0,"74":0,"75":1,"76":0,"77":0,"78":0,"79":1,"80":0,"81":0,"82":0,"83":0,"84":0,"85":0,"86":0,"87":0,"88":0,"89":0,"90":0,"91":0,"92":0,"93":0,"94":0,"95":0,"96":0,"97":0,"98":0,"99":0,"100":0,"101":0,"102":0,"103":0,"104":0,"105":0,"106":0,"107":0,"108":0,"109":0,"110":0,"111":0,"112":0,"113":0,"114":0,"115":0,"116":0,"117":0,"118":0,"119":0,"120":0,"121":0,"122":0,"123":0,"124":0,"125":0,"126":0,"127":0,"128":0,"129":0,"130":0,"131":0,"132":0,"133":0,"134":0,"135":0,"136":0,"137":0,"138":0,"139":0,"140":0,"141":0,"142":0,"143":0,"144":0,"145":0,"146":0,"147":0,"148":0,"149":0,"150":0,"151":0,"152":0,"153":0,"154":0,"155":0,"156":0,"157":0,"158":0,"159":0,"160":0,"161":0,"162":0,"163":0,"164":0},"b":{"1":[0,0],"2":[0,0],"3":[0,0,0],"4":[0,0,0],"5":[0,0],"6":[0,0],"7":[0,0],"8":[0,0],"9":[0,0],"10":[0,0],"11":[0,0],"12":[0,0],"13":[0,0],"14":[0,0],"15":[0,0],"16":[0,0],"17":[0,0],"18":[0,0,0],"19":[0,0],"20":[0,0],"21":[0,0],"22":[0,0],"23":[0,0],"24":[0,0,0,0],"25":[0,0],"26":[0,0],"27":[0,0,0,0,0],"28":[0,0],"29":[0,0],"30":[0,0],"31":[0,0],"32":[0,0],"33":[0,0],"34":[0,0,0,0],"35":[0,0],"36":[0,0,0,0],"37":[0,0],"38":[0,0],"39":[0,0],"40":[0,0],"41":[0,0],"42":[0,0,0],"43":[0,0],"44":[0,0],"45":[0,0],"46":[0,0],"47":[0,0],"48":[0,0],"49":[0,0,0,0],"50":[0,0],"51":[0,0],"52":[0,0],"53":[0,0],"54":[0,0],"55":[0,0,0,0],"56":[0,0],"57":[0,0],"58":[0,0],"59":[0,0],"60":[0,0],"61":[0,0,0,0,0],"62":[0,0],"63":[0,0],"64":[0,0],"65":[0,0],"66":[0,0],"67":[0,0],"68":[0,0,0,0],"69":[0,0],"70":[0,0],"71":[0,0],"72":[0,0],"73":[0,0],"74":[0,0],"75":[0,0],"76":[0,0],"77":[0,0],"78":[0,0],"79":[0,0],"80":[0,0],"81":[0,0],"82":[0,0],"83":[0,0,0],"84":[0,0],"85":[0,0,0],"86":[0,0],"87":[0,0],"88":[0,0],"89":[0,0,0]},"f":{"1":0,"2":0,"3":0,"4":0,"5":0,"6":0,"7":0,"8":0,"9":0,"10":0,"11":0,"12":0,"13":0,"14":0,"15":0,"16":0,"17":0,"18":0,"19":0,"20":0,"21":0,"22":0},"fnMap":{"1":{"name":"(anonymous_1)","line":9,"loc":{"start":{"line":9,"column":17},"end":{"line":9,"column":46}}},"2":{"name":"(anonymous_2)","line":261,"loc":{"start":{"line":261,"column":30},"end":{"line":261,"column":46}}},"3":{"name":"(anonymous_3)","line":270,"loc":{"start":{"line":270,"column":31},"end":{"line":270,"column":47}}},"4":{"name":"(anonymous_4)","line":279,"loc":{"start":{"line":279,"column":18},"end":{"line":279,"column":34}}},"5":{"name":"(anonymous_5)","line":288,"loc":{"start":{"line":288,"column":18},"end":{"line":288,"column":34}}},"6":{"name":"(anonymous_6)","line":310,"loc":{"start":{"line":310,"column":15},"end":{"line":310,"column":44}}},"7":{"name":"(anonymous_7)","line":312,"loc":{"start":{"line":312,"column":21},"end":{"line":312,"column":48}}},"8":{"name":"(anonymous_8)","line":314,"loc":{"start":{"line":314,"column":15},"end":{"line":314,"column":48}}},"9":{"name":"(anonymous_9)","line":328,"loc":{"start":{"line":328,"column":9},"end":{"line":328,"column":26}}},"10":{"name":"(anonymous_10)","line":339,"loc":{"start":{"line":339,"column":18},"end":{"line":339,"column":47}}},"11":{"name":"(anonymous_11)","line":343,"loc":{"start":{"line":343,"column":50},"end":{"line":343,"column":84}}},"12":{"name":"(anonymous_12)","line":356,"loc":{"start":{"line":356,"column":26},"end":{"line":356,"column":60}}},"13":{"name":"(anonymous_13)","line":405,"loc":{"start":{"line":405,"column":23},"end":{"line":405,"column":67}}},"14":{"name":"(anonymous_14)","line":425,"loc":{"start":{"line":425,"column":22},"end":{"line":425,"column":42}}},"15":{"name":"(anonymous_15)","line":437,"loc":{"start":{"line":437,"column":26},"end":{"line":437,"column":50}}},"16":{"name":"(anonymous_16)","line":449,"loc":{"start":{"line":449,"column":16},"end":{"line":449,"column":45}}},"17":{"name":"(anonymous_17)","line":452,"loc":{"start":{"line":452,"column":19},"end":{"line":452,"column":50}}},"18":{"name":"(anonymous_18)","line":477,"loc":{"start":{"line":477,"column":19},"end":{"line":477,"column":34}}},"19":{"name":"(anonymous_19)","line":483,"loc":{"start":{"line":483,"column":28},"end":{"line":483,"column":44}}},"20":{"name":"(anonymous_20)","line":554,"loc":{"start":{"line":554,"column":25},"end":{"line":554,"column":41}}},"21":{"name":"(anonymous_21)","line":556,"loc":{"start":{"line":556,"column":17},"end":{"line":556,"column":33}}},"22":{"name":"(anonymous_22)","line":609,"loc":{"start":{"line":609,"column":24},"end":{"line":609,"column":43}}}},"statementMap":{"1":{"start":{"line":1,"column":0},"end":{"line":7,"column":35}},"2":{"start":{"line":9,"column":0},"end":{"line":11,"column":2}},"3":{"start":{"line":10,"column":2},"end":{"line":10,"column":41}},"4":{"start":{"line":13,"column":0},"end":{"line":259,"column":2}},"5":{"start":{"line":261,"column":0},"end":{"line":268,"column":2}},"6":{"start":{"line":262,"column":2},"end":{"line":267,"column":4}},"7":{"start":{"line":270,"column":0},"end":{"line":277,"column":2}},"8":{"start":{"line":271,"column":2},"end":{"line":276,"column":4}},"9":{"start":{"line":279,"column":0},"end":{"line":286,"column":2}},"10":{"start":{"line":280,"column":2},"end":{"line":285,"column":4}},"11":{"start":{"line":288,"column":0},"end":{"line":305,"column":2}},"12":{"start":{"line":289,"column":2},"end":{"line":291,"column":3}},"13":{"start":{"line":290,"column":4},"end":{"line":290,"column":13}},"14":{"start":{"line":293,"column":2},"end":{"line":294,"column":51}},"15":{"start":{"line":295,"column":2},"end":{"line":296,"column":51}},"16":{"start":{"line":298,"column":2},"end":{"line":304,"column":3}},"17":{"start":{"line":299,"column":4},"end":{"line":299,"column":14}},"18":{"start":{"line":300,"column":9},"end":{"line":304,"column":3}},"19":{"start":{"line":301,"column":4},"end":{"line":301,"column":13}},"20":{"start":{"line":303,"column":4},"end":{"line":303,"column":69}},"21":{"start":{"line":310,"column":0},"end":{"line":332,"column":2}},"22":{"start":{"line":311,"column":2},"end":{"line":311,"column":18}},"23":{"start":{"line":312,"column":2},"end":{"line":331,"column":5}},"24":{"start":{"line":313,"column":4},"end":{"line":313,"column":53}},"25":{"start":{"line":314,"column":4},"end":{"line":325,"column":6}},"26":{"start":{"line":315,"column":6},"end":{"line":320,"column":7}},"27":{"start":{"line":316,"column":8},"end":{"line":318,"column":9}},"28":{"start":{"line":317,"column":10},"end":{"line":317,"column":42}},"29":{"start":{"line":319,"column":8},"end":{"line":319,"column":39}},"30":{"start":{"line":321,"column":6},"end":{"line":323,"column":7}},"31":{"start":{"line":322,"column":8},"end":{"line":322,"column":40}},"32":{"start":{"line":324,"column":6},"end":{"line":324,"column":37}},"33":{"start":{"line":326,"column":4},"end":{"line":326,"column":32}},"34":{"start":{"line":329,"column":4},"end":{"line":329,"column":56}},"35":{"start":{"line":329,"column":15},"end":{"line":329,"column":56}},"36":{"start":{"line":339,"column":0},"end":{"line":398,"column":2}},"37":{"start":{"line":340,"column":2},"end":{"line":342,"column":16}},"38":{"start":{"line":343,"column":2},"end":{"line":397,"column":5}},"39":{"start":{"line":344,"column":4},"end":{"line":396,"column":5}},"40":{"start":{"line":345,"column":6},"end":{"line":345,"column":29}},"41":{"start":{"line":346,"column":6},"end":{"line":346,"column":37}},"42":{"start":{"line":347,"column":6},"end":{"line":349,"column":26}},"43":{"start":{"line":350,"column":6},"end":{"line":350,"column":26}},"44":{"start":{"line":351,"column":6},"end":{"line":351,"column":50}},"45":{"start":{"line":352,"column":6},"end":{"line":355,"column":7}},"46":{"start":{"line":353,"column":8},"end":{"line":353,"column":29}},"47":{"start":{"line":354,"column":8},"end":{"line":354,"column":59}},"48":{"start":{"line":356,"column":6},"end":{"line":390,"column":9}},"49":{"start":{"line":357,"column":8},"end":{"line":388,"column":9}},"50":{"start":{"line":358,"column":10},"end":{"line":361,"column":12}},"51":{"start":{"line":363,"column":10},"end":{"line":387,"column":11}},"52":{"start":{"line":364,"column":12},"end":{"line":364,"column":25}},"53":{"start":{"line":365,"column":12},"end":{"line":368,"column":14}},"54":{"start":{"line":369,"column":17},"end":{"line":387,"column":11}},"55":{"start":{"line":370,"column":12},"end":{"line":370,"column":25}},"56":{"start":{"line":371,"column":12},"end":{"line":374,"column":14}},"57":{"start":{"line":375,"column":17},"end":{"line":387,"column":11}},"58":{"start":{"line":376,"column":12},"end":{"line":376,"column":25}},"59":{"start":{"line":377,"column":12},"end":{"line":380,"column":14}},"60":{"start":{"line":382,"column":12},"end":{"line":382,"column":25}},"61":{"start":{"line":383,"column":12},"end":{"line":386,"column":14}},"62":{"start":{"line":389,"column":8},"end":{"line":389,"column":48}},"63":{"start":{"line":392,"column":6},"end":{"line":395,"column":9}},"64":{"start":{"line":405,"column":0},"end":{"line":418,"column":2}},"65":{"start":{"line":406,"column":2},"end":{"line":407,"column":30}},"66":{"start":{"line":409,"column":2},"end":{"line":411,"column":3}},"67":{"start":{"line":410,"column":4},"end":{"line":410,"column":48}},"68":{"start":{"line":413,"column":2},"end":{"line":415,"column":3}},"69":{"start":{"line":414,"column":4},"end":{"line":414,"column":38}},"70":{"start":{"line":417,"column":2},"end":{"line":417,"column":47}},"71":{"start":{"line":425,"column":0},"end":{"line":430,"column":2}},"72":{"start":{"line":426,"column":2},"end":{"line":428,"column":3}},"73":{"start":{"line":427,"column":4},"end":{"line":427,"column":36}},"74":{"start":{"line":429,"column":2},"end":{"line":429,"column":18}},"75":{"start":{"line":437,"column":0},"end":{"line":442,"column":2}},"76":{"start":{"line":438,"column":2},"end":{"line":440,"column":3}},"77":{"start":{"line":439,"column":4},"end":{"line":439,"column":17}},"78":{"start":{"line":441,"column":2},"end":{"line":441,"column":14}},"79":{"start":{"line":449,"column":0},"end":{"line":623,"column":2}},"80":{"start":{"line":450,"column":2},"end":{"line":450,"column":42}},"81":{"start":{"line":451,"column":2},"end":{"line":451,"column":95}},"82":{"start":{"line":452,"column":2},"end":{"line":622,"column":5}},"83":{"start":{"line":453,"column":4},"end":{"line":621,"column":5}},"84":{"start":{"line":454,"column":6},"end":{"line":454,"column":36}},"85":{"start":{"line":455,"column":11},"end":{"line":621,"column":5}},"86":{"start":{"line":456,"column":6},"end":{"line":456,"column":63}},"87":{"start":{"line":457,"column":11},"end":{"line":621,"column":5}},"88":{"start":{"line":458,"column":6},"end":{"line":458,"column":59}},"89":{"start":{"line":460,"column":6},"end":{"line":467,"column":7}},"90":{"start":{"line":461,"column":8},"end":{"line":461,"column":96}},"91":{"start":{"line":462,"column":8},"end":{"line":466,"column":9}},"92":{"start":{"line":463,"column":10},"end":{"line":463,"column":42}},"93":{"start":{"line":465,"column":10},"end":{"line":465,"column":33}},"94":{"start":{"line":468,"column":6},"end":{"line":471,"column":22}},"95":{"start":{"line":473,"column":6},"end":{"line":475,"column":7}},"96":{"start":{"line":474,"column":8},"end":{"line":474,"column":69}},"97":{"start":{"line":477,"column":6},"end":{"line":494,"column":9}},"98":{"start":{"line":478,"column":8},"end":{"line":480,"column":9}},"99":{"start":{"line":479,"column":10},"end":{"line":479,"column":17}},"100":{"start":{"line":481,"column":8},"end":{"line":482,"column":46}},"101":{"start":{"line":483,"column":8},"end":{"line":493,"column":11}},"102":{"start":{"line":484,"column":10},"end":{"line":492,"column":11}},"103":{"start":{"line":485,"column":12},"end":{"line":491,"column":13}},"104":{"start":{"line":486,"column":14},"end":{"line":486,"column":49}},"105":{"start":{"line":487,"column":19},"end":{"line":491,"column":13}},"106":{"start":{"line":488,"column":14},"end":{"line":488,"column":51}},"107":{"start":{"line":489,"column":19},"end":{"line":491,"column":13}},"108":{"start":{"line":490,"column":14},"end":{"line":490,"column":53}},"109":{"start":{"line":498,"column":6},"end":{"line":503,"column":7}},"110":{"start":{"line":499,"column":8},"end":{"line":499,"column":72}},"111":{"start":{"line":500,"column":8},"end":{"line":500,"column":87}},"112":{"start":{"line":501,"column":8},"end":{"line":501,"column":90}},"113":{"start":{"line":502,"column":8},"end":{"line":502,"column":84}},"114":{"start":{"line":504,"column":6},"end":{"line":508,"column":44}},"115":{"start":{"line":512,"column":6},"end":{"line":517,"column":7}},"116":{"start":{"line":513,"column":8},"end":{"line":513,"column":72}},"117":{"start":{"line":514,"column":8},"end":{"line":514,"column":87}},"118":{"start":{"line":515,"column":8},"end":{"line":515,"column":90}},"119":{"start":{"line":516,"column":8},"end":{"line":516,"column":84}},"120":{"start":{"line":518,"column":6},"end":{"line":522,"column":44}},"121":{"start":{"line":526,"column":6},"end":{"line":532,"column":7}},"122":{"start":{"line":527,"column":8},"end":{"line":527,"column":105}},"123":{"start":{"line":528,"column":8},"end":{"line":528,"column":87}},"124":{"start":{"line":529,"column":8},"end":{"line":529,"column":102}},"125":{"start":{"line":530,"column":8},"end":{"line":530,"column":105}},"126":{"start":{"line":531,"column":8},"end":{"line":531,"column":96}},"127":{"start":{"line":533,"column":6},"end":{"line":537,"column":56}},"128":{"start":{"line":541,"column":6},"end":{"line":546,"column":7}},"129":{"start":{"line":542,"column":8},"end":{"line":542,"column":90}},"130":{"start":{"line":543,"column":8},"end":{"line":543,"column":105}},"131":{"start":{"line":544,"column":8},"end":{"line":544,"column":108}},"132":{"start":{"line":545,"column":8},"end":{"line":545,"column":108}},"133":{"start":{"line":547,"column":6},"end":{"line":551,"column":57}},"134":{"start":{"line":554,"column":6},"end":{"line":558,"column":9}},"135":{"start":{"line":555,"column":8},"end":{"line":555,"column":29}},"136":{"start":{"line":557,"column":8},"end":{"line":557,"column":40}},"137":{"start":{"line":561,"column":6},"end":{"line":567,"column":7}},"138":{"start":{"line":562,"column":8},"end":{"line":566,"column":9}},"139":{"start":{"line":563,"column":10},"end":{"line":563,"column":38}},"140":{"start":{"line":565,"column":10},"end":{"line":565,"column":41}},"141":{"start":{"line":570,"column":6},"end":{"line":576,"column":7}},"142":{"start":{"line":571,"column":8},"end":{"line":575,"column":9}},"143":{"start":{"line":572,"column":10},"end":{"line":572,"column":38}},"144":{"start":{"line":574,"column":10},"end":{"line":574,"column":41}},"145":{"start":{"line":579,"column":6},"end":{"line":585,"column":7}},"146":{"start":{"line":580,"column":8},"end":{"line":584,"column":9}},"147":{"start":{"line":581,"column":10},"end":{"line":581,"column":48}},"148":{"start":{"line":583,"column":10},"end":{"line":583,"column":51}},"149":{"start":{"line":588,"column":6},"end":{"line":594,"column":7}},"150":{"start":{"line":589,"column":8},"end":{"line":593,"column":9}},"151":{"start":{"line":590,"column":10},"end":{"line":590,"column":50}},"152":{"start":{"line":592,"column":10},"end":{"line":592,"column":53}},"153":{"start":{"line":597,"column":6},"end":{"line":618,"column":7}},"154":{"start":{"line":599,"column":8},"end":{"line":601,"column":9}},"155":{"start":{"line":600,"column":10},"end":{"line":600,"column":54}},"156":{"start":{"line":603,"column":8},"end":{"line":605,"column":9}},"157":{"start":{"line":604,"column":10},"end":{"line":604,"column":88}},"158":{"start":{"line":607,"column":8},"end":{"line":617,"column":9}},"159":{"start":{"line":608,"column":10},"end":{"line":608,"column":58}},"160":{"start":{"line":609,"column":10},"end":{"line":616,"column":13}},"161":{"start":{"line":610,"column":12},"end":{"line":615,"column":13}},"162":{"start":{"line":611,"column":14},"end":{"line":613,"column":16}},"163":{"start":{"line":614,"column":14},"end":{"line":614,"column":27}},"164":{"start":{"line":620,"column":6},"end":{"line":620,"column":41}}},"branchMap":{"1":{"line":289,"type":"if","locations":[{"start":{"line":289,"column":2},"end":{"line":289,"column":2}},{"start":{"line":289,"column":2},"end":{"line":289,"column":2}}]},"2":{"line":289,"type":"binary-expr","locations":[{"start":{"line":289,"column":8},"end":{"line":289,"column":13}},{"start":{"line":289,"column":17},"end":{"line":289,"column":22}}]},"3":{"line":294,"type":"binary-expr","locations":[{"start":{"line":294,"column":12},"end":{"line":294,"column":16}},{"start":{"line":294,"column":20},"end":{"line":294,"column":41}},{"start":{"line":294,"column":46},"end":{"line":294,"column":50}}]},"4":{"line":296,"type":"binary-expr","locations":[{"start":{"line":296,"column":12},"end":{"line":296,"column":16}},{"start":{"line":296,"column":20},"end":{"line":296,"column":41}},{"start":{"line":296,"column":46},"end":{"line":296,"column":50}}]},"5":{"line":298,"type":"if","locations":[{"start":{"line":298,"column":2},"end":{"line":298,"column":2}},{"start":{"line":298,"column":2},"end":{"line":298,"column":2}}]},"6":{"line":298,"type":"binary-expr","locations":[{"start":{"line":298,"column":6},"end":{"line":298,"column":20}},{"start":{"line":298,"column":24},"end":{"line":298,"column":38}}]},"7":{"line":300,"type":"if","locations":[{"start":{"line":300,"column":9},"end":{"line":300,"column":9}},{"start":{"line":300,"column":9},"end":{"line":300,"column":9}}]},"8":{"line":300,"type":"binary-expr","locations":[{"start":{"line":300,"column":13},"end":{"line":300,"column":27}},{"start":{"line":300,"column":31},"end":{"line":300,"column":45}}]},"9":{"line":315,"type":"if","locations":[{"start":{"line":315,"column":6},"end":{"line":315,"column":6}},{"start":{"line":315,"column":6},"end":{"line":315,"column":6}}]},"10":{"line":316,"type":"if","locations":[{"start":{"line":316,"column":8},"end":{"line":316,"column":8}},{"start":{"line":316,"column":8},"end":{"line":316,"column":8}}]},"11":{"line":321,"type":"if","locations":[{"start":{"line":321,"column":6},"end":{"line":321,"column":6}},{"start":{"line":321,"column":6},"end":{"line":321,"column":6}}]},"12":{"line":329,"type":"if","locations":[{"start":{"line":329,"column":4},"end":{"line":329,"column":4}},{"start":{"line":329,"column":4},"end":{"line":329,"column":4}}]},"13":{"line":344,"type":"if","locations":[{"start":{"line":344,"column":4},"end":{"line":344,"column":4}},{"start":{"line":344,"column":4},"end":{"line":344,"column":4}}]},"14":{"line":351,"type":"binary-expr","locations":[{"start":{"line":351,"column":25},"end":{"line":351,"column":41}},{"start":{"line":351,"column":45},"end":{"line":351,"column":49}}]},"15":{"line":352,"type":"if","locations":[{"start":{"line":352,"column":6},"end":{"line":352,"column":6}},{"start":{"line":352,"column":6},"end":{"line":352,"column":6}}]},"16":{"line":357,"type":"if","locations":[{"start":{"line":357,"column":8},"end":{"line":357,"column":8}},{"start":{"line":357,"column":8},"end":{"line":357,"column":8}}]},"17":{"line":363,"type":"if","locations":[{"start":{"line":363,"column":10},"end":{"line":363,"column":10}},{"start":{"line":363,"column":10},"end":{"line":363,"column":10}}]},"18":{"line":363,"type":"binary-expr","locations":[{"start":{"line":363,"column":14},"end":{"line":363,"column":17}},{"start":{"line":363,"column":22},"end":{"line":363,"column":46}},{"start":{"line":363,"column":50},"end":{"line":363,"column":77}}]},"19":{"line":369,"type":"if","locations":[{"start":{"line":369,"column":17},"end":{"line":369,"column":17}},{"start":{"line":369,"column":17},"end":{"line":369,"column":17}}]},"20":{"line":369,"type":"binary-expr","locations":[{"start":{"line":369,"column":21},"end":{"line":369,"column":24}},{"start":{"line":369,"column":28},"end":{"line":369,"column":52}}]},"21":{"line":375,"type":"if","locations":[{"start":{"line":375,"column":17},"end":{"line":375,"column":17}},{"start":{"line":375,"column":17},"end":{"line":375,"column":17}}]},"22":{"line":375,"type":"binary-expr","locations":[{"start":{"line":375,"column":21},"end":{"line":375,"column":24}},{"start":{"line":375,"column":28},"end":{"line":375,"column":62}}]},"23":{"line":409,"type":"if","locations":[{"start":{"line":409,"column":2},"end":{"line":409,"column":2}},{"start":{"line":409,"column":2},"end":{"line":409,"column":2}}]},"24":{"line":409,"type":"binary-expr","locations":[{"start":{"line":409,"column":8},"end":{"line":409,"column":25}},{"start":{"line":409,"column":29},"end":{"line":409,"column":60}},{"start":{"line":409,"column":64},"end":{"line":409,"column":73}},{"start":{"line":409,"column":77},"end":{"line":409,"column":96}}]},"25":{"line":413,"type":"if","locations":[{"start":{"line":413,"column":2},"end":{"line":413,"column":2}},{"start":{"line":413,"column":2},"end":{"line":413,"column":2}}]},"26":{"line":413,"type":"binary-expr","locations":[{"start":{"line":413,"column":6},"end":{"line":413,"column":149}},{"start":{"line":413,"column":153},"end":{"line":413,"column":187}}]},"27":{"line":413,"type":"binary-expr","locations":[{"start":{"line":413,"column":8},"end":{"line":413,"column":29}},{"start":{"line":413,"column":33},"end":{"line":413,"column":68}},{"start":{"line":413,"column":72},"end":{"line":413,"column":85}},{"start":{"line":413,"column":89},"end":{"line":413,"column":121}},{"start":{"line":413,"column":125},"end":{"line":413,"column":148}}]},"28":{"line":426,"type":"if","locations":[{"start":{"line":426,"column":2},"end":{"line":426,"column":2}},{"start":{"line":426,"column":2},"end":{"line":426,"column":2}}]},"29":{"line":438,"type":"if","locations":[{"start":{"line":438,"column":2},"end":{"line":438,"column":2}},{"start":{"line":438,"column":2},"end":{"line":438,"column":2}}]},"30":{"line":450,"type":"binary-expr","locations":[{"start":{"line":450,"column":17},"end":{"line":450,"column":33}},{"start":{"line":450,"column":37},"end":{"line":450,"column":41}}]},"31":{"line":451,"type":"cond-expr","locations":[{"start":{"line":451,"column":64},"end":{"line":451,"column":68}},{"start":{"line":451,"column":71},"end":{"line":451,"column":94}}]},"32":{"line":453,"type":"if","locations":[{"start":{"line":453,"column":4},"end":{"line":453,"column":4}},{"start":{"line":453,"column":4},"end":{"line":453,"column":4}}]},"33":{"line":455,"type":"if","locations":[{"start":{"line":455,"column":11},"end":{"line":455,"column":11}},{"start":{"line":455,"column":11},"end":{"line":455,"column":11}}]},"34":{"line":455,"type":"binary-expr","locations":[{"start":{"line":455,"column":15},"end":{"line":455,"column":23}},{"start":{"line":455,"column":27},"end":{"line":455,"column":46}},{"start":{"line":455,"column":51},"end":{"line":455,"column":105}},{"start":{"line":455,"column":109},"end":{"line":455,"column":163}}]},"35":{"line":457,"type":"if","locations":[{"start":{"line":457,"column":11},"end":{"line":457,"column":11}},{"start":{"line":457,"column":11},"end":{"line":457,"column":11}}]},"36":{"line":457,"type":"binary-expr","locations":[{"start":{"line":457,"column":17},"end":{"line":457,"column":25}},{"start":{"line":457,"column":29},"end":{"line":457,"column":45}},{"start":{"line":457,"column":49},"end":{"line":457,"column":81}},{"start":{"line":457,"column":85},"end":{"line":457,"column":145}}]},"37":{"line":460,"type":"if","locations":[{"start":{"line":460,"column":6},"end":{"line":460,"column":6}},{"start":{"line":460,"column":6},"end":{"line":460,"column":6}}]},"38":{"line":461,"type":"binary-expr","locations":[{"start":{"line":461,"column":19},"end":{"line":461,"column":60}},{"start":{"line":461,"column":64},"end":{"line":461,"column":95}}]},"39":{"line":462,"type":"if","locations":[{"start":{"line":462,"column":8},"end":{"line":462,"column":8}},{"start":{"line":462,"column":8},"end":{"line":462,"column":8}}]},"40":{"line":473,"type":"if","locations":[{"start":{"line":473,"column":6},"end":{"line":473,"column":6}},{"start":{"line":473,"column":6},"end":{"line":473,"column":6}}]},"41":{"line":478,"type":"if","locations":[{"start":{"line":478,"column":8},"end":{"line":478,"column":8}},{"start":{"line":478,"column":8},"end":{"line":478,"column":8}}]},"42":{"line":478,"type":"binary-expr","locations":[{"start":{"line":478,"column":14},"end":{"line":478,"column":31}},{"start":{"line":478,"column":36},"end":{"line":478,"column":62}},{"start":{"line":478,"column":66},"end":{"line":478,"column":88}}]},"43":{"line":481,"type":"binary-expr","locations":[{"start":{"line":481,"column":23},"end":{"line":481,"column":49}},{"start":{"line":481,"column":53},"end":{"line":481,"column":75}}]},"44":{"line":484,"type":"if","locations":[{"start":{"line":484,"column":10},"end":{"line":484,"column":10}},{"start":{"line":484,"column":10},"end":{"line":484,"column":10}}]},"45":{"line":485,"type":"if","locations":[{"start":{"line":485,"column":12},"end":{"line":485,"column":12}},{"start":{"line":485,"column":12},"end":{"line":485,"column":12}}]},"46":{"line":487,"type":"if","locations":[{"start":{"line":487,"column":19},"end":{"line":487,"column":19}},{"start":{"line":487,"column":19},"end":{"line":487,"column":19}}]},"47":{"line":489,"type":"if","locations":[{"start":{"line":489,"column":19},"end":{"line":489,"column":19}},{"start":{"line":489,"column":19},"end":{"line":489,"column":19}}]},"48":{"line":498,"type":"if","locations":[{"start":{"line":498,"column":6},"end":{"line":498,"column":6}},{"start":{"line":498,"column":6},"end":{"line":498,"column":6}}]},"49":{"line":498,"type":"binary-expr","locations":[{"start":{"line":498,"column":10},"end":{"line":498,"column":26}},{"start":{"line":498,"column":30},"end":{"line":498,"column":51}},{"start":{"line":498,"column":55},"end":{"line":498,"column":82}},{"start":{"line":498,"column":86},"end":{"line":498,"column":106}}]},"50":{"line":499,"type":"cond-expr","locations":[{"start":{"line":499,"column":46},"end":{"line":499,"column":62}},{"start":{"line":499,"column":65},"end":{"line":499,"column":71}}]},"51":{"line":500,"type":"cond-expr","locations":[{"start":{"line":500,"column":56},"end":{"line":500,"column":77}},{"start":{"line":500,"column":80},"end":{"line":500,"column":86}}]},"52":{"line":501,"type":"cond-expr","locations":[{"start":{"line":501,"column":58},"end":{"line":501,"column":80}},{"start":{"line":501,"column":83},"end":{"line":501,"column":89}}]},"53":{"line":502,"type":"cond-expr","locations":[{"start":{"line":502,"column":54},"end":{"line":502,"column":74}},{"start":{"line":502,"column":77},"end":{"line":502,"column":83}}]},"54":{"line":512,"type":"if","locations":[{"start":{"line":512,"column":6},"end":{"line":512,"column":6}},{"start":{"line":512,"column":6},"end":{"line":512,"column":6}}]},"55":{"line":512,"type":"binary-expr","locations":[{"start":{"line":512,"column":10},"end":{"line":512,"column":26}},{"start":{"line":512,"column":30},"end":{"line":512,"column":51}},{"start":{"line":512,"column":55},"end":{"line":512,"column":77}},{"start":{"line":512,"column":81},"end":{"line":512,"column":101}}]},"56":{"line":513,"type":"cond-expr","locations":[{"start":{"line":513,"column":46},"end":{"line":513,"column":62}},{"start":{"line":513,"column":65},"end":{"line":513,"column":71}}]},"57":{"line":514,"type":"cond-expr","locations":[{"start":{"line":514,"column":56},"end":{"line":514,"column":77}},{"start":{"line":514,"column":80},"end":{"line":514,"column":86}}]},"58":{"line":515,"type":"cond-expr","locations":[{"start":{"line":515,"column":58},"end":{"line":515,"column":80}},{"start":{"line":515,"column":83},"end":{"line":515,"column":89}}]},"59":{"line":516,"type":"cond-expr","locations":[{"start":{"line":516,"column":54},"end":{"line":516,"column":74}},{"start":{"line":516,"column":77},"end":{"line":516,"column":83}}]},"60":{"line":526,"type":"if","locations":[{"start":{"line":526,"column":6},"end":{"line":526,"column":6}},{"start":{"line":526,"column":6},"end":{"line":526,"column":6}}]},"61":{"line":526,"type":"binary-expr","locations":[{"start":{"line":526,"column":10},"end":{"line":526,"column":34}},{"start":{"line":526,"column":38},"end":{"line":526,"column":59}},{"start":{"line":526,"column":63},"end":{"line":526,"column":89}},{"start":{"line":526,"column":93},"end":{"line":526,"column":120}},{"start":{"line":526,"column":124},"end":{"line":526,"column":148}}]},"62":{"line":527,"type":"cond-expr","locations":[{"start":{"line":527,"column":56},"end":{"line":527,"column":77}},{"start":{"line":527,"column":80},"end":{"line":527,"column":104}}]},"63":{"line":528,"type":"cond-expr","locations":[{"start":{"line":528,"column":56},"end":{"line":528,"column":77}},{"start":{"line":528,"column":80},"end":{"line":528,"column":86}}]},"64":{"line":529,"type":"cond-expr","locations":[{"start":{"line":529,"column":66},"end":{"line":529,"column":92}},{"start":{"line":529,"column":95},"end":{"line":529,"column":101}}]},"65":{"line":530,"type":"cond-expr","locations":[{"start":{"line":530,"column":68},"end":{"line":530,"column":95}},{"start":{"line":530,"column":98},"end":{"line":530,"column":104}}]},"66":{"line":531,"type":"cond-expr","locations":[{"start":{"line":531,"column":62},"end":{"line":531,"column":86}},{"start":{"line":531,"column":89},"end":{"line":531,"column":95}}]},"67":{"line":54
[...]
uest = require('request'),","  cheerio = require('cheerio'),","  charset = require('charset'),","  iconv = require('iconv-lite'),","  url = require('url'),","  _ = require('lodash'),","  jschardet = require('jschardet');","","module.exports = function (options, callback) {","  return exports.info(options, callback);","};","","var fieldsArray = [","  {","    multiple: false,","    property: 'og:title',","    fieldName: 'ogTitle'","  },","  {","    multiple: false,","    property: 'og:type',","    fieldName: 'ogType'","  },","  {","    multiple: true,","    property: 'og:image',","    fieldName: 'ogImage'","  },","  {","    multiple: true,","    property: 'og:image:url',","    fieldName: 'ogImageURL'","  },","  {","    multiple: true,","    property: 'og:image:secure_url',","    fieldName: 'ogImageSecureURL'","  },","  {","    multiple: true,","    property: 'og:image:width',","    fieldName: 'ogImageWidth'","  },","  {","    multiple: true,","    property: 'og:image:height',","    fieldName: 'ogImageHeight'","  },","  {","    multiple: true,","    property: 'og:image:type',","    fieldName: 'ogImageType'","  },","  {","    multiple: false,","    property: 'og:url',","    fieldName: 'ogUrl'","  },","  {","    multiple: false,","    property: 'og:audio',","    fieldName: 'ogAudio'","  },","  {","    multiple: false,","    property: 'og:audio:url',","    fieldName: 'ogAudioURL'","  },","  {","    multiple: false,","    property: 'og:audio:secure_url',","    fieldName: 'ogAudioSecureURL'","  },","  {","    multiple: false,","    property: 'og:audio:type',","    fieldName: 'ogAudioType'","  },","  {","    multiple: false,","    property: 'og:description',","    fieldName: 'ogDescription'","  },","  {","    multiple: false,","    property: 'og:determiner',","    fieldName: 'ogDeterminer'","  },","  {","    multiple: false,","    property: 'og:locale',","    fieldName: 'ogLocale'","  },","  {","    multiple: false,","    property: 'og:locale:alternate',","    fieldName: 'ogLocaleAlternate'","  },","  {","    multiple: false,","    property: 'og:site_name',","    fieldName: 'ogSiteName'","  },","  {","    multiple: true,","    property: 'og:video',","    fieldName: 'ogVideo'","  },","  {","    multiple: true,","    property: 'og:video:url', // An alternative to 'og:video'","    fieldName: 'ogVideo'","  },","  {","    multiple: true,","    property: 'og:video:secure_url',","    fieldName: 'ogVideoSecureURL'","  },","  {","    multiple: true,","    property: 'og:video:width',","    fieldName: 'ogVideoWidth'","  },","  {","    multiple: true,","    property: 'og:video:height',","    fieldName: 'ogVideoHeight'","  },","  {","    multiple: true,","    property: 'og:video:type',","    fieldName: 'ogVideoType'","  },","  {","    multiple: false,","    property: 'twitter:card',","    fieldName: 'twitterCard'","  },","  {","    multiple: false,","    property: 'twitter:site',","    fieldName: 'twitterSite'","  },","  {","    multiple: false,","    property: 'twitter:site:id',","    fieldName: 'twitterSiteId'","  },","  {","    multiple: false,","    property: 'twitter:creator',","    fieldName: 'twitterCreator'","  },","  {","    multiple: false,","    property: 'twitter:creator:id',","    fieldName: 'twitterCreatorId'","  },","  {","    multiple: false,","    property: 'twitter:title',","    fieldName: 'twitterTitle'","  },","  {","    multiple: false,","    property: 'twitter:description',","    fieldName: 'twitterDescription'","  },","  {","    multiple: true,","    property: 'twitter:image',","    fieldName: 'twitterImage'","  },","  {","    multiple: true,","    property: 'twitter:image:height',","    fieldName: 'twitterImageHeight'","  },","  {","    multiple: true,","    property: 'twitter:image:width',","    fieldName: 'twitterImageWidth'","  },","  {","    multiple: true,","    property: 'twitter:image:src',","    fieldName: 'twitterImageSrc'","  },","  {","    multiple: true,","    property: 'twitter:image:alt',","    fieldName: 'twitterImageAlt'","  },","  {","    multiple: true,","    property: 'twitter:player',","    fieldName: 'twitterPlayer'","  },","  {","    multiple: true,","    property: 'twitter:player:width',","    fieldName: 'twitterPlayerWidth'","  },","  {","    multiple: true,","    property: 'twitter:player:height',","    fieldName: 'twitterPlayerHeight'","  },","  {","    multiple: true,","    property: 'twitter:player:stream',","    fieldName: 'twitterPlayerStream'","  },","  {","    multiple: false,","    property: 'twitter:app:name:iphone',","    fieldName: 'twitterAppNameiPhone'","  },","  {","    multiple: false,","    property: 'twitter:app:id:iphone',","    fieldName: 'twitterAppIdiPhone'","  },","  {","    multiple: false,","    property: 'twitter:app:url:iphone',","    fieldName: 'twitterAppUrliPhone'","  },","  {","    multiple: false,","    property: 'twitter:app:name:ipad',","    fieldName: 'twitterAppNameiPad'","  },","  {","    multiple: false,","    property: 'twitter:app:id:ipad',","    fieldName: 'twitterAppIdiPad'","  },","  {","    multiple: false,","    property: 'twitter:app:url:ipad',","    fieldName: 'twitterAppUrliPad'","  },","  {","    multiple: false,","    property: 'twitter:app:name:googleplay',","    fieldName: 'twitterAppNameGooglePlay'","  },","  {","    multiple: false,","    property: 'twitter:app:id:googleplay',","    fieldName: 'twitterAppIdGooglePlay'","  },","  {","    multiple: false,","    property: 'twitter:app:url:googleplay',","    fieldName: 'twitterAppUrlGooglePlay'","  }","];","","var mediaMapperTwitterImage = function (item) {","  return {","    url: item[0],","    width: item[1],","    height: item[2],","    alt: item[3]","  };","};","","var mediaMapperTwitterPlayer = function (item) {","  return {","    url: item[0],","    width: item[1],","    height: item[2],","    stream: item[3]","  };","};","","var mediaMapper = function (item) {","  return {","    url: item[0],","    width: item[1],","    height: item[2],","    type: item[3]","  };","};","","var mediaSorter = function (a, b) {","  if (!(a.url && b.url)) {","    return 0;","  }","","  var aRes = a.url.match(/\\.(\\w{2,5})$/),","    aExt = (aRes && aRes[1].toLowerCase()) || null;","  var bRes = b.url.match(/\\.(\\w{2,5})$/),","    bExt = (bRes && bRes[1].toLowerCase()) || null;","","  if (aExt === 'gif' && bExt !== 'gif') {","    return -1;","  } else if (aExt !== 'gif' && bExt === 'gif') {","    return 1;","  } else {","    return Math.max(b.width, b.height) - Math.max(a.width, a.height);","  }","};","","/*"," * Promised info"," */","exports.info = function (options, callback) {","  var that = this;","  return new Promise(function (resolve, reject) {","    var hasCallback = typeof callback === 'function';","    var done = function (error, info, response) {","      if (error) {","        if (hasCallback) {","          callback(error, info, response);","        }","        return reject(error, response);","      }","      if (hasCallback) {","        callback(error, info, response);","      }","      return resolve(info, response);","    };","    that.getInfo(options, done);","  })","  .catch(function (error) {","    if (error) console.log('Open Graph Error: ', error);","    // there was a error passed back","  });","};","","/*"," * get info"," * @param string url - user input of url"," * @param function callback"," */","exports.getInfo = function (options, callback) {","  var error = false,","    returnResult = {},","    that = this;","  this.validateVars(options.url, options.timeout, function (inputUrl, inputTimeout) {","    if (inputUrl) {","      options.url = inputUrl;","      options.timeout = inputTimeout;","      options.headers = Object.assign({","        'user-agent': 'request.js'","      }, options.headers);","      options.gzip = true;","      options.encoding = options.encoding || null;","      if (process.browser) {","        options.gzip = false;","        options.protocol = url.parse(options.url).protocol;","      }","      that.getOG(options, function (err, results, response) {","        if (results) {","          returnResult = {","            data: results,","            success: true","          };","        } else {","          if (err && (err.code === 'ENOTFOUND' || err.code === 'EHOSTUNREACH')) {","            error = true;","            returnResult = {","              err: 'Page Not Found',","              success: false","            };","          } else if (err && err.code === 'ETIMEDOUT') {","            error = true;","            returnResult = {","              err: 'Time Out',","              success: false","            };","          } else if (err && err === 'Must scrape an HTML page') {","            error = true;","            returnResult = {","              err: 'Must scrape an HTML page',","              success: false","            };","          } else {","            error = true;","            returnResult = {","              err: 'Page Not Found',","              success: false","            };","          }","        }","        callback(error, returnResult, response);","      });","    } else {","      callback(true, {","        success: false,","        err: 'Invalid URL'","      });","    }","  });","};","","/*"," * validate var"," * @param string var - user input"," * @param function callback"," */","exports.validateVars = function (inputUrl, inputTimeout, callback) {","  var returnInputUrl = null,","    returnInputTimeout = 2000; // time defaults to 2000ms","","  if (!(inputUrl === null || typeof inputUrl === 'undefined' || !inputUrl || inputUrl.length < 1)) {","    returnInputUrl = this.validateUrl(inputUrl);","  }","","  if (!(inputTimeout === null || typeof inputTimeout === 'undefined' || !inputTimeout || typeof inputTimeout !== 'number' || inputTimeout.length < 1) && this.validateTimeout(inputTimeout)) {","    returnInputTimeout = inputTimeout;","  }","","  callback(returnInputUrl, returnInputTimeout);","};","","/*"," * validate url - all urls must have http:// in front of them"," * @param string var - the url we want to scrape"," * @param function callback"," */","exports.validateUrl = function (inputUrl) {","  if (!/^(f|ht)tps?:\\/\\//i.test(inputUrl)) {","    inputUrl = 'http://' + inputUrl;","  }","  return inputUrl;","};","","/*"," * validate timeout - how long should we wait for a request"," * @param number var - the time we want to wait"," * @param function callback"," */","exports.validateTimeout = function (inputTimeout) {","  if (!/^\\d{1,10}$/.test(inputTimeout)) {","    return false;","  }","  return true;","};","","/*"," * getOG - scrape that url!"," * @param string url - the url we want to scrape"," * @param function callback"," */","exports.getOG = function (options, callback) {","  var peekSize = options.peekSize || 1024;","  var ogImageFallback = options.ogImageFallback === undefined ? true : options.ogImageFallback;","  request(options, function (err, response, body) {","    if (err) {","      callback(err, null, response);","    } else if (response && response.statusCode && (response.statusCode.toString().substring(0, 1) === '4' || response.statusCode.toString().substring(0, 1) === '5')) {","      callback(new Error('Error from server'), null, response);","    } else if (!(response && response.headers && response.headers['content-type'] && response.headers['content-type'].indexOf('text/html') !== -1)) {","      callback('Must scrape an HTML page', null, response);","    } else {","      if (options.encoding === null) {","        var char = charset(response.headers, body, peekSize) || jschardet.detect(body).encoding;","        if (char) {","          body = iconv.decode(body, char);","        } else {","          body = body.toString();","        }","      }","      var $ = cheerio.load(body),","        meta = $('meta'),","        keys = Object.keys(meta),","        ogObject = {};","","      if (options.withCharset) {","        ogObject.charset = charset(response.headers, body, peekSize);","      }","","      keys.forEach(function (key) {","        if (!(meta[key].attribs && (meta[key].attribs.property || meta[key].attribs.name))) {","          return;","        }","        var property = meta[key].attribs.property || meta[key].attribs.name,","          content = meta[key].attribs.content;","        fieldsArray.forEach(function (item) {","          if (property === item.property) {","            if (!item.multiple) {","              ogObject[item.fieldName] = content;","            } else if (!ogObject[item.fieldName]) {","              ogObject[item.fieldName] = [content];","            } else if (Array.isArray(ogObject[item.fieldName])) {","              ogObject[item.fieldName].push(content);","            }","          }","        });","      });","","      /* Combine image/width/height/type","        and sort for priority */","      if (ogObject.ogImage || ogObject.ogImageWidth || ogObject.twitterImageHeight || ogObject.ogImageType) {","        ogObject.ogImage = ogObject.ogImage ? ogObject.ogImage : [null];","        ogObject.ogImageWidth = ogObject.ogImageWidth ? ogObject.ogImageWidth : [null];","        ogObject.ogImageHeight = ogObject.ogImageHeight ? ogObject.ogImageHeight : [null];","        ogObject.ogImageType = ogObject.ogImageType ? ogObject.ogImageType : [null];","      }","      var ogImages = _.zip(ogObject.ogImage,","          ogObject.ogImageWidth,","          ogObject.ogImageHeight,","          ogObject.ogImageType)","        .map(mediaMapper).sort(mediaSorter);","","      /* Combine video/width/height/type","        and sort for priority */","      if (ogObject.ogVideo || ogObject.ogVideoWidth || ogObject.ogVideoHeight || ogObject.ogVideoType) {","        ogObject.ogVideo = ogObject.ogVideo ? ogObject.ogVideo : [null];","        ogObject.ogVideoWidth = ogObject.ogVideoWidth ? ogObject.ogVideoWidth : [null];","        ogObject.ogVideoHeight = ogObject.ogVideoHeight ? ogObject.ogVideoHeight : [null];","        ogObject.ogVideoType = ogObject.ogVideoType ? ogObject.ogVideoType : [null];","      }","      var ogVideos = _.zip(ogObject.ogVideo,","          ogObject.ogVideoWidth,","          ogObject.ogVideoHeight,","          ogObject.ogVideoType)","        .map(mediaMapper).sort(mediaSorter);","","      /* Combine twitter image/width/height/alt","        and sort for priority */","      if (ogObject.twitterImageSrc || ogObject.twitterImage || ogObject.twitterImageWidth || ogObject.twitterImageHeight || ogObject.twitterImageAlt) {","        ogObject.twitterImage = ogObject.twitterImage ? ogObject.twitterImage : ogObject.twitterImageSrc;","        ogObject.twitterImage = ogObject.twitterImage ? ogObject.twitterImage : [null];","        ogObject.twitterImageWidth = ogObject.twitterImageWidth ? ogObject.twitterImageWidth : [null];","        ogObject.twitterImageHeight = ogObject.twitterImageHeight ? ogObject.twitterImageHeight : [null];","        ogObject.twitterImageAlt = ogObject.twitterImageAlt ? ogObject.twitterImageAlt : [null];","      }","      var twitterImages = _.zip(ogObject.twitterImage,","          ogObject.twitterImageWidth,","          ogObject.twitterImageHeight,","          ogObject.twitterImageAlt)","        .map(mediaMapperTwitterImage).sort(mediaSorter);","","      /* Combine twitter player/width/height/stream","        and sort for priority */","      if (ogObject.twitterPlayer || ogObject.twitterPlayerWidth || ogObject.twitterPlayerHeight || ogObject.twitterPlayerStream) {","        ogObject.twitterPlayer = ogObject.twitterPlayer ? ogObject.twitterPlayer : [null];","        ogObject.twitterPlayerWidth = ogObject.twitterPlayerWidth ? ogObject.twitterPlayerWidth : [null];","        ogObject.twitterPlayerHeight = ogObject.twitterPlayerHeight ? ogObject.twitterPlayerHeight : [null];","        ogObject.twitterPlayerStream = ogObject.twitterPlayerStream ? ogObject.twitterPlayerStream : [null];","      }","      var twitterPlayers = _.zip(ogObject.twitterPlayer,","          ogObject.twitterPlayerWidth,","          ogObject.twitterPlayerHeight,","          ogObject.twitterPlayerStream)","        .map(mediaMapperTwitterPlayer).sort(mediaSorter);","","      // Delete temporary fields","      fieldsArray.filter(function (item) {","        return item.multiple;","      }).forEach(function (item) {","        delete ogObject[item.fieldName];","      });","","      // Select the best image","      if (ogImages.length) {","        if (options.allMedia) {","          ogObject.ogImage = ogImages;","        } else {","          ogObject.ogImage = ogImages[0];","        }","      }","","      // Select the best video","      if (ogVideos.length) {","        if (options.allMedia) {","          ogObject.ogVideo = ogVideos;","        } else {","          ogObject.ogVideo = ogVideos[0];","        }","      }","","      // Select the best twitter image","      if (twitterImages.length) {","        if (options.allMedia) {","          ogObject.twitterImage = twitterImages;","        } else {","          ogObject.twitterImage = twitterImages[0];","        }","      }","","      // Select the best player","      if (twitterPlayers.length) {","        if (options.allMedia) {","          ogObject.twitterPlayer = twitterPlayers;","        } else {","          ogObject.twitterPlayer = twitterPlayers[0];","        }","      }","","      // Check for 'only get open graph info'","      if (!options.onlyGetOpenGraphInfo) {","        // Get title tag if og title was not provided","        if (!ogObject.ogTitle && $('head > title').text() && $('head > title').text().length > 0) {","          ogObject.ogTitle = $('head > title').text();","        }","        // Get meta description tag if og description was not provided","        if (!ogObject.ogDescription && $('head > meta[name=\"description\"]').attr('content') && $('head > meta[name=\"description\"]').attr('content').length > 0) {","          ogObject.ogDescription = $('head > meta[name=\"description\"]').attr('content');","        }","        // Get first image as og:image if there is no og:image tag.","        if (!ogObject.ogImage && ogImageFallback) {","          var supportedImageExts = ['jpg', 'jpeg', 'png'];","          $('img').each(function (i, elem) {","            if ($(elem).attr('src') && $(elem).attr('src').length > 0 && supportedImageExts.indexOf($(elem).attr('src').split('.').pop()) !== -1) {","              ogObject.ogImage = {","                url: $(elem).attr('src')","              };","              return false;","            }","          });","        }","      }","      // console.log('ogObject',ogObject);","      callback(null, ogObject, response);","    }","  });","};",""],"l":{"1":1,"9":1,"10":0,"13":1,"261":1,"262":0,"270":1,"271":0,"279":1,"280":0,"288":1,"289":0,"290":0,"293":0,"295":0,"298":0,"299":0,"300":0,"301":0,"303":0,"310":1,"311":0,"312":0,"313":0,"314":0,"315":0,"316":0,"317":0,"319":0,"321":0,"322":0,"324":0,"326":0,"329":0,"339":1,"340":0,"343":0,"344":0,"345":0,"346":0,"347":0,"350":0,"351":0,"352":0,"353":0,"354":0,"356":0,"357":0,"358":0,"363":0,"364":0,"365":0,"369":0,"370":0,"371":0,"375":0,"376":0,"377":0,"382":0,"383":0,"389":0,"392":0,"405":1,"406":0,"409":0,"410":0,"413":0,"414":0,"417":0,"425":1,"426":0,"427":0,"429":0,"437":1,"438":0,"439":0,"441":0,"449":1,"450":0,"451":0,"452":0,"453":0,"454":0,"455":0,"456":0,"457":0,"458":0,"460":0,"461":0,"462":0,"463":0,"465":0,"468":0,"473":0,"474":0,"477":0,"478":0,"479":0,"481":0,"483":0,"484":0,"485":0,"486":0,"487":0,"488":0,"489":0,"490":0,"498":0,"499":0,"500":0,"501":0,"502":0,"504":0,"512":0,"513":0,"514":0,"515":0,"516":0,"518":0,"526":0,"527":0,"528":0,"529":0,"530":0,"531":0,"533":0,"541":0,"542":0,"543":0,"544":0,"545":0,"547":0,"554":0,"555":0,"557":0,"561":0,"562":0,"563":0,"565":0,"570":0,"571":0,"572":0,"574":0,"579":0,"580":0,"581":0,"583":0,"588":0,"589":0,"590":0,"592":0,"597":0,"599":0,"600":0,"603":0,"604":0,"607":0,"608":0,"609":0,"610":0,"611":0,"614":0,"620":0}}}